TN:
SF:pkg/traefik/babel.config.js
FNF:0
FNH:0
DA:1,0
LF:1
LH:0
BRF:0
BRH:0
end_of_record
TN:
SF:pkg/traefik/index.ts
FN:2,(anonymous_0)
FN:9,default_1
FNF:2
FNH:0
FNDA:0,(anonymous_0)
FNDA:0,default_1
DA:2,0
DA:3,0
DA:5,0
DA:6,0
DA:7,0
DA:11,0
DA:13,0
DA:15,0
DA:17,0
DA:19,0
LF:10
LH:0
BRDA:2,0,0,0
BRDA:2,0,1,0
BRDA:2,0,2,0
BRDA:3,1,0,0
BRDA:3,1,1,0
BRDA:3,2,0,0
BRDA:3,2,1,0
BRF:7
BRH:0
end_of_record
TN:
SF:pkg/traefik/vue.config.js
FNF:0
FNH:0
DA:1,0
LF:1
LH:0
BRF:0
BRH:0
end_of_record
TN:
SF:pkg/traefik/components/EntryPoints.vue
FN:21,(anonymous_0)
FN:24,(anonymous_1)
FN:27,(anonymous_2)
FN:30,(anonymous_3)
FN:38,(anonymous_4)
FN:59,render
FN:68,(anonymous_6)
FNF:7
FNH:0
FNDA:0,(anonymous_0)
FNDA:0,(anonymous_1)
FNDA:0,(anonymous_2)
FNDA:0,(anonymous_3)
FNDA:0,(anonymous_4)
FNDA:0,render
FNDA:0,(anonymous_6)
DA:22,0
DA:25,0
DA:28,0
DA:31,0
DA:32,0
DA:34,0
DA:39,0
DA:43,0
DA:44,0
DA:45,0
DA:46,0
DA:47,0
DA:48,0
DA:49,0
DA:50,0
DA:51,0
DA:55,0
DA:60,0
DA:61,0
DA:69,0
DA:88,0
DA:89,0
LF:22
LH:0
BRDA:25,0,0,0
BRDA:25,0,1,0
BRDA:28,1,0,0
BRDA:28,1,1,0
BRDA:31,2,0,0
BRDA:31,2,1,0
BRDA:66,3,0,0
BRDA:66,3,1,0
BRF:8
BRH:0
end_of_record
TN:
SF:pkg/traefik/components/IngressClassTab.vue
FN:21,(anonymous_0)
FN:27,(anonymous_1)
FN:30,(anonymous_2)
FN:50,(anonymous_3)
FN:51,(anonymous_4)
FN:62,(anonymous_5)
FN:81,render
FN:107,(anonymous_7)
FNF:8
FNH:0
FNDA:0,(anonymous_0)
FNDA:0,(anonymous_1)
FNDA:0,(anonymous_2)
FNDA:0,(anonymous_3)
FNDA:0,(anonymous_4)
FNDA:0,(anonymous_5)
FNDA:0,render
FNDA:0,(anonymous_7)
DA:21,0
DA:28,0
DA:32,0
DA:33,0
DA:35,0
DA:36,0
DA:38,0
DA:40,0
DA:43,0
DA:47,0
DA:51,0
DA:57,0
DA:63,0
DA:67,0
DA:68,0
DA:69,0
DA:70,0
DA:71,0
DA:72,0
DA:73,0
DA:74,0
DA:78,0
DA:79,0
DA:80,0
DA:82,0
DA:83,0
DA:84,0
DA:107,0
DA:119,0
DA:120,0
LF:30
LH:0
BRDA:28,0,0,0
BRDA:28,0,1,0
BRDA:32,1,0,0
BRDA:32,1,1,0
BRDA:35,2,0,0
BRDA:35,2,1,0
BRDA:38,3,0,0
BRDA:38,3,1,0
BRDA:38,4,0,0
BRDA:38,4,1,0
BRDA:63,5,0,0
BRDA:63,5,1,0
BRDA:93,6,0,0
BRDA:93,6,1,0
BRDA:93,7,0,0
BRDA:93,7,1,0
BRDA:107,8,0,0
BRDA:107,8,1,0
BRDA:113,9,0,0
BRDA:113,9,1,0
BRF:20
BRH:0
end_of_record
TN:
SF:pkg/traefik/components/Route.vue
FN:24,(anonymous_0)
FN:28,(anonymous_1)
FN:43,(anonymous_2)
FN:46,(anonymous_3)
FN:57,(anonymous_4)
FN:60,(anonymous_5)
FN:62,(anonymous_6)
FN:65,(anonymous_7)
FN:71,(anonymous_8)
FN:72,(anonymous_9)
FN:80,(anonymous_10)
FN:87,(anonymous_11)
FN:90,(anonymous_12)
FN:93,(anonymous_13)
FN:99,(anonymous_14)
FN:106,(anonymous_15)
FN:111,(anonymous_16)
FN:112,(anonymous_17)
FN:116,(anonymous_18)
FN:138,render
FN:151,(anonymous_20)
FN:167,(anonymous_21)
FN:182,(anonymous_22)
FN:187,(anonymous_23)
FN:189,(anonymous_24)
FN:196,(anonymous_25)
FN:204,(anonymous_26)
FN:210,(anonymous_27)
FN:218,(anonymous_28)
FN:241,(anonymous_29)
FN:246,(anonymous_30)
FN:248,(anonymous_31)
FN:255,(anonymous_32)
FN:261,(anonymous_33)
FN:263,(anonymous_34)
FNF:35
FNH:0
FNDA:0,(anonymous_0)
FNDA:0,(anonymous_1)
FNDA:0,(anonymous_2)
FNDA:0,(anonymous_3)
FNDA:0,(anonymous_4)
FNDA:0,(anonymous_5)
FNDA:0,(anonymous_6)
FNDA:0,(anonymous_7)
FNDA:0,(anonymous_8)
FNDA:0,(anonymous_9)
FNDA:0,(anonymous_10)
FNDA:0,(anonymous_11)
FNDA:0,(anonymous_12)
FNDA:0,(anonymous_13)
FNDA:0,(anonymous_14)
FNDA:0,(anonymous_15)
FNDA:0,(anonymous_16)
FNDA:0,(anonymous_17)
FNDA:0,(anonymous_18)
FNDA:0,render
FNDA:0,(anonymous_20)
FNDA:0,(anonymous_21)
FNDA:0,(anonymous_22)
FNDA:0,(anonymous_23)
FNDA:0,(anonymous_24)
FNDA:0,(anonymous_25)
FNDA:0,(anonymous_26)
FNDA:0,(anonymous_27)
FNDA:0,(anonymous_28)
FNDA:0,(anonymous_29)
FNDA:0,(anonymous_30)
FNDA:0,(anonymous_31)
FNDA:0,(anonymous_32)
FNDA:0,(anonymous_33)
FNDA:0,(anonymous_34)
DA:24,0
DA:28,0
DA:44,0
DA:48,0
DA:49,0
DA:52,0
DA:53,0
DA:58,0
DA:61,0
DA:62,0
DA:63,0
DA:66,0
DA:72,0
DA:81,0
DA:88,0
DA:91,0
DA:95,0
DA:96,0
DA:99,0
DA:100,0
DA:101,0
DA:103,0
DA:108,0
DA:109,0
DA:112,0
DA:113,0
DA:114,0
DA:116,0
DA:123,0
DA:124,0
DA:125,0
DA:126,0
DA:127,0
DA:128,0
DA:129,0
DA:130,0
DA:131,0
DA:132,0
DA:133,0
DA:134,0
DA:135,0
DA:136,0
DA:137,0
DA:139,0
DA:140,0
DA:141,0
DA:142,0
DA:143,0
DA:152,0
DA:153,0
DA:154,0
DA:156,0
DA:167,0
DA:182,0
DA:190,0
DA:191,0
DA:196,0
DA:204,0
DA:210,0
DA:218,0
DA:241,0
DA:249,0
DA:250,0
DA:255,0
DA:262,0
DA:263,0
DA:264,0
DA:265,0
DA:279,0
DA:280,0
LF:70
LH:0
BRDA:48,0,0,0
BRDA:48,0,1,0
BRDA:52,1,0,0
BRDA:52,1,1,0
BRDA:52,2,0,0
BRDA:52,2,1,0
BRDA:62,3,0,0
BRDA:62,3,1,0
BRDA:62,4,0,0
BRDA:62,4,1,0
BRDA:63,5,0,0
BRDA:63,5,1,0
BRDA:66,6,0,0
BRDA:66,6,1,0
BRDA:95,7,0,0
BRDA:95,7,1,0
BRDA:95,8,0,0
BRDA:95,8,1,0
BRDA:95,8,2,0
BRDA:100,9,0,0
BRDA:100,9,1,0
BRDA:100,10,0,0
BRDA:100,10,1,0
BRDA:100,10,2,0
BRDA:103,11,0,0
BRDA:103,11,1,0
BRDA:103,11,2,0
BRDA:108,12,0,0
BRDA:108,12,1,0
BRDA:108,13,0,0
BRDA:108,13,1,0
BRDA:108,14,0,0
BRDA:108,14,1,0
BRDA:108,14,2,0
BRDA:113,15,0,0
BRDA:113,15,1,0
BRDA:113,16,0,0
BRDA:113,16,1,0
BRDA:117,17,0,0
BRDA:117,17,1,0
BRDA:118,18,0,0
BRDA:118,18,1,0
BRDA:146,19,0,0
BRDA:146,19,1,0
BRDA:151,20,0,0
BRDA:151,20,1,0
BRDA:156,21,0,0
BRDA:156,21,1,0
BRDA:167,22,0,0
BRDA:167,22,1,0
BRDA:182,23,0,0
BRDA:182,23,1,0
BRDA:185,24,0,0
BRDA:185,24,1,0
BRDA:203,25,0,0
BRDA:203,25,1,0
BRDA:217,26,0,0
BRDA:217,26,1,0
BRDA:229,27,0,0
BRDA:229,27,1,0
BRDA:230,28,0,0
BRDA:230,28,1,0
BRDA:230,29,0,0
BRDA:230,29,1,0
BRDA:234,30,0,0
BRDA:234,30,1,0
BRDA:237,31,0,0
BRDA:237,31,1,0
BRDA:241,32,0,0
BRDA:241,32,1,0
BRDA:243,33,0,0
BRDA:243,33,1,0
BRDA:264,34,0,0
BRDA:264,34,1,0
BRF:74
BRH:0
end_of_record
TN:
SF:pkg/traefik/components/Routes.vue
FN:26,(anonymous_0)
FN:30,(anonymous_1)
FN:41,(anonymous_2)
FN:46,(anonymous_3)
FN:55,(anonymous_4)
FN:68,(anonymous_5)
FN:73,(anonymous_6)
FN:78,(anonymous_7)
FN:84,(anonymous_8)
FN:94,(anonymous_9)
FN:105,(anonymous_10)
FN:113,(anonymous_11)
FN:117,(anonymous_12)
FN:142,(anonymous_13)
FN:149,(anonymous_14)
FN:167,(anonymous_15)
FN:181,render
FN:195,(anonymous_17)
FN:196,(anonymous_18)
FN:205,(anonymous_19)
FN:214,(anonymous_20)
FN:215,(anonymous_21)
FNF:22
FNH:0
FNDA:0,(anonymous_0)
FNDA:0,(anonymous_1)
FNDA:0,(anonymous_2)
FNDA:0,(anonymous_3)
FNDA:0,(anonymous_4)
FNDA:0,(anonymous_5)
FNDA:0,(anonymous_6)
FNDA:0,(anonymous_7)
FNDA:0,(anonymous_8)
FNDA:0,(anonymous_9)
FNDA:0,(anonymous_10)
FNDA:0,(anonymous_11)
FNDA:0,(anonymous_12)
FNDA:0,(anonymous_13)
FNDA:0,(anonymous_14)
FNDA:0,(anonymous_15)
FNDA:0,render
FNDA:0,(anonymous_17)
FNDA:0,(anonymous_18)
FNDA:0,(anonymous_19)
FNDA:0,(anonymous_20)
FNDA:0,(anonymous_21)
DA:26,0
DA:30,0
DA:42,0
DA:48,0
DA:49,0
DA:50,0
DA:57,0
DA:58,0
DA:62,0
DA:63,0
DA:64,0
DA:68,0
DA:74,0
DA:80,0
DA:81,0
DA:84,0
DA:85,0
DA:86,0
DA:87,0
DA:90,0
DA:97,0
DA:98,0
DA:101,0
DA:102,0
DA:104,0
DA:105,0
DA:106,0
DA:111,0
DA:115,0
DA:118,0
DA:135,0
DA:140,0
DA:143,0
DA:146,0
DA:149,0
DA:150,0
DA:151,0
DA:153,0
DA:154,0
DA:156,0
DA:162,0
DA:165,0
DA:168,0
DA:174,0
DA:175,0
DA:176,0
DA:177,0
DA:178,0
DA:179,0
DA:180,0
DA:182,0
DA:183,0
DA:184,0
DA:185,0
DA:195,0
DA:197,0
DA:205,0
DA:214,0
DA:215,0
DA:228,0
DA:229,0
LF:61
LH:0
BRDA:49,0,0,0
BRDA:49,0,1,0
BRDA:57,1,0,0
BRDA:57,1,1,0
BRDA:63,2,0,0
BRDA:63,2,1,0
BRDA:86,3,0,0
BRDA:86,3,1,0
BRDA:101,4,0,0
BRDA:101,4,1,0
BRDA:105,5,0,0
BRDA:105,5,1,0
BRDA:105,6,0,0
BRDA:105,6,1,0
BRDA:106,7,0,0
BRDA:106,7,1,0
BRDA:118,8,0,0
BRDA:118,8,1,0
BRDA:151,9,0,0
BRDA:151,9,1,0
BRDA:154,10,0,0
BRDA:154,10,1,0
BRF:22
BRH:0
end_of_record
TN:
SF:pkg/traefik/components/RoutesTable.vue
FN:26,(anonymous_0)
FN:29,(anonymous_1)
FN:44,(anonymous_2)
FN:45,(anonymous_3)
FN:48,(anonymous_4)
FN:75,(anonymous_5)
FN:97,(anonymous_6)
FN:119,(anonymous_7)
FN:126,(anonymous_8)
FN:135,(anonymous_9)
FN:145,(anonymous_10)
FN:156,(anonymous_11)
FN:167,(anonymous_12)
FN:176,(anonymous_13)
FN:190,render
FN:205,(anonymous_15)
FN:214,(anonymous_16)
FN:223,(anonymous_17)
FNF:18
FNH:0
FNDA:0,(anonymous_0)
FNDA:0,(anonymous_1)
FNDA:0,(anonymous_2)
FNDA:0,(anonymous_3)
FNDA:0,(anonymous_4)
FNDA:0,(anonymous_5)
FNDA:0,(anonymous_6)
FNDA:0,(anonymous_7)
FNDA:0,(anonymous_8)
FNDA:0,(anonymous_9)
FNDA:0,(anonymous_10)
FNDA:0,(anonymous_11)
FNDA:0,(anonymous_12)
FNDA:0,(anonymous_13)
FNDA:0,render
FNDA:0,(anonymous_15)
FNDA:0,(anonymous_16)
FNDA:0,(anonymous_17)
DA:27,0
DA:30,0
DA:45,0
DA:47,0
DA:48,0
DA:51,0
DA:52,0
DA:55,0
DA:56,0
DA:58,0
DA:59,0
DA:60,0
DA:75,0
DA:76,0
DA:77,0
DA:78,0
DA:79,0
DA:82,0
DA:85,0
DA:86,0
DA:87,0
DA:89,0
DA:97,0
DA:98,0
DA:100,0
DA:101,0
DA:104,0
DA:107,0
DA:108,0
DA:109,0
DA:111,0
DA:119,0
DA:120,0
DA:126,0
DA:136,0
DA:137,0
DA:138,0
DA:139,0
DA:140,0
DA:143,0
DA:146,0
DA:147,0
DA:148,0
DA:149,0
DA:150,0
DA:153,0
DA:154,0
DA:157,0
DA:160,0
DA:163,0
DA:164,0
DA:165,0
DA:168,0
DA:169,0
DA:170,0
DA:171,0
DA:173,0
DA:177,0
DA:181,0
DA:182,0
DA:183,0
DA:184,0
DA:185,0
DA:186,0
DA:191,0
DA:192,0
DA:193,0
DA:194,0
DA:195,0
DA:206,0
DA:207,0
DA:215,0
DA:216,0
DA:224,0
DA:225,0
DA:240,0
DA:241,0
LF:77
LH:0
BRDA:27,0,0,0
BRDA:27,0,1,0
BRDA:32,1,0,0
BRDA:32,1,1,0
BRDA:40,2,0,0
BRDA:40,2,1,0
BRDA:47,3,0,0
BRDA:47,3,1,0
BRDA:48,4,0,0
BRDA:48,4,1,0
BRDA:51,5,0,0
BRDA:51,5,1,0
BRDA:52,6,0,0
BRDA:52,6,1,0
BRDA:56,7,0,0
BRDA:56,7,1,0
BRDA:58,8,0,0
BRDA:58,8,1,0
BRDA:59,9,0,0
BRDA:59,9,1,0
BRDA:70,10,0,0
BRDA:70,10,1,0
BRDA:75,11,0,0
BRDA:75,11,1,0
BRDA:77,12,0,0
BRDA:77,12,1,0
BRDA:78,13,0,0
BRDA:78,13,1,0
BRDA:79,14,0,0
BRDA:79,14,1,0
BRDA:82,15,0,0
BRDA:82,15,1,0
BRDA:86,16,0,0
BRDA:86,16,1,0
BRDA:86,17,0,0
BRDA:86,17,1,0
BRDA:92,18,0,0
BRDA:92,18,1,0
BRDA:97,19,0,0
BRDA:97,19,1,0
BRDA:100,20,0,0
BRDA:100,20,1,0
BRDA:104,21,0,0
BRDA:104,21,1,0
BRDA:108,22,0,0
BRDA:108,22,1,0
BRDA:108,23,0,0
BRDA:108,23,1,0
BRDA:114,24,0,0
BRDA:114,24,1,0
BRDA:122,25,0,0
BRDA:122,25,1,0
BRDA:124,26,0,0
BRDA:124,26,1,0
BRDA:126,27,0,0
BRDA:126,27,1,0
BRDA:127,28,0,0
BRDA:127,28,1,0
BRDA:129,29,0,0
BRDA:129,29,1,0
BRDA:136,30,0,0
BRDA:136,30,1,0
BRDA:137,31,0,0
BRDA:137,31,1,0
BRDA:138,32,0,0
BRDA:138,32,1,0
BRDA:140,33,0,0
BRDA:140,33,1,0
BRDA:146,34,0,0
BRDA:146,34,1,0
BRDA:147,35,0,0
BRDA:147,35,1,0
BRDA:148,36,0,0
BRDA:148,36,1,0
BRDA:150,37,0,0
BRDA:150,37,1,0
BRDA:153,38,0,0
BRDA:153,38,1,0
BRDA:157,39,0,0
BRDA:157,39,1,0
BRDA:160,40,0,0
BRDA:160,40,1,0
BRDA:163,41,0,0
BRDA:163,41,1,0
BRDA:165,42,0,0
BRDA:165,42,1,0
BRDA:168,43,0,0
BRDA:168,43,1,0
BRDA:195,44,0,0
BRDA:195,44,1,0
BRDA:236,45,0,0
BRDA:236,45,1,0
BRF:92
BRH:0
end_of_record
TN:
SF:pkg/traefik/components/TLSConfiguration.vue
FN:27,(anonymous_0)
FN:35,(anonymous_1)
FN:38,(anonymous_2)
FN:41,(anonymous_3)
FN:44,(anonymous_4)
FN:56,(anonymous_5)
FN:68,(anonymous_6)
FN:82,(anonymous_7)
FN:123,render
FN:138,(anonymous_9)
FN:154,(anonymous_10)
FN:171,(anonymous_11)
FN:177,(anonymous_12)
FN:185,(anonymous_13)
FN:209,(anonymous_14)
FN:215,(anonymous_15)
FN:225,(anonymous_16)
FN:239,(anonymous_17)
FN:258,(anonymous_18)
FN:264,(anonymous_19)
FN:266,(anonymous_20)
FN:304,(anonymous_21)
FNF:22
FNH:0
FNDA:0,(anonymous_0)
FNDA:0,(anonymous_1)
FNDA:0,(anonymous_2)
FNDA:0,(anonymous_3)
FNDA:0,(anonymous_4)
FNDA:0,(anonymous_5)
FNDA:0,(anonymous_6)
FNDA:0,(anonymous_7)
FNDA:0,render
FNDA:0,(anonymous_9)
FNDA:0,(anonymous_10)
FNDA:0,(anonymous_11)
FNDA:0,(anonymous_12)
FNDA:0,(anonymous_13)
FNDA:0,(anonymous_14)
FNDA:0,(anonymous_15)
FNDA:0,(anonymous_16)
FNDA:0,(anonymous_17)
FNDA:0,(anonymous_18)
FNDA:0,(anonymous_19)
FNDA:0,(anonymous_20)
FNDA:0,(anonymous_21)
DA:28,0
DA:30,0
DA:31,0
DA:33,0
DA:36,0
DA:39,0
DA:42,0
DA:45,0
DA:46,0
DA:48,0
DA:49,0
DA:50,0
DA:51,0
DA:54,0
DA:57,0
DA:58,0
DA:60,0
DA:61,0
DA:62,0
DA:63,0
DA:66,0
DA:69,0
DA:70,0
DA:72,0
DA:73,0
DA:74,0
DA:75,0
DA:78,0
DA:83,0
DA:87,0
DA:88,0
DA:89,0
DA:90,0
DA:91,0
DA:92,0
DA:93,0
DA:94,0
DA:95,0
DA:96,0
DA:97,0
DA:101,0
DA:105,0
DA:106,0
DA:107,0
DA:111,0
DA:115,0
DA:116,0
DA:117,0
DA:118,0
DA:122,0
DA:124,0
DA:125,0
DA:126,0
DA:127,0
DA:128,0
DA:129,0
DA:138,0
DA:154,0
DA:171,0
DA:177,0
DA:185,0
DA:209,0
DA:217,0
DA:225,0
DA:239,0
DA:258,0
DA:264,0
DA:267,0
DA:304,0
DA:315,0
DA:316,0
LF:71
LH:0
BRDA:30,0,0,0
BRDA:30,0,1,0
BRDA:30,1,0,0
BRDA:30,1,1,0
BRDA:36,2,0,0
BRDA:36,2,1,0
BRDA:39,3,0,0
BRDA:39,3,1,0
BRDA:42,4,0,0
BRDA:42,4,1,0
BRDA:45,5,0,0
BRDA:45,5,1,0
BRDA:49,6,0,0
BRDA:49,6,1,0
BRDA:51,7,0,0
BRDA:51,7,1,0
BRDA:57,8,0,0
BRDA:57,8,1,0
BRDA:61,9,0,0
BRDA:61,9,1,0
BRDA:63,10,0,0
BRDA:63,10,1,0
BRDA:69,11,0,0
BRDA:69,11,1,0
BRDA:73,12,0,0
BRDA:73,12,1,0
BRDA:75,13,0,0
BRDA:75,13,1,0
BRDA:131,14,0,0
BRDA:131,14,1,0
BRDA:140,15,0,0
BRDA:140,15,1,0
BRDA:141,16,0,0
BRDA:141,16,1,0
BRDA:147,17,0,0
BRDA:147,17,1,0
BRDA:147,18,0,0
BRDA:147,18,1,0
BRDA:156,19,0,0
BRDA:156,19,1,0
BRDA:165,20,0,0
BRDA:165,20,1,0
BRDA:173,21,0,0
BRDA:173,21,1,0
BRDA:178,22,0,0
BRDA:178,22,1,0
BRDA:192,23,0,0
BRDA:192,23,1,0
BRDA:203,24,0,0
BRDA:203,24,1,0
BRDA:211,25,0,0
BRDA:211,25,1,0
BRDA:218,26,0,0
BRDA:218,26,1,0
BRDA:218,27,0,0
BRDA:218,27,1,0
BRDA:218,28,0,0
BRDA:218,28,1,0
BRDA:232,29,0,0
BRDA:232,29,1,0
BRDA:232,30,0,0
BRDA:232,30,1,0
BRDA:232,31,0,0
BRDA:232,31,1,0
BRDA:252,32,0,0
BRDA:252,32,1,0
BRDA:260,33,0,0
BRDA:260,33,1,0
BRDA:272,34,0,0
BRDA:272,34,1,0
BRDA:275,35,0,0
BRDA:275,35,1,0
BRDA:275,36,0,0
BRDA:275,36,1,0
BRDA:278,37,0,0
BRDA:278,37,1,0
BRDA:306,38,0,0
BRDA:306,38,1,0
BRDA:307,39,0,0
BRDA:307,39,1,0
BRF:80
BRH:0
end_of_record
TN:
SF:pkg/traefik/config/traefik.ts
FN:4,init
FN:23,(anonymous_1)
FNF:2
FNH:0
FNDA:0,init
FNDA:0,(anonymous_1)
DA:2,0
DA:3,0
DA:5,0
DA:7,0
DA:16,0
DA:23,0
DA:24,0
DA:34,0
DA:36,0
LF:9
LH:0
BRF:0
BRH:0
end_of_record
TN:
SF:pkg/traefik/detail/traefik.io.ingressroute.vue
FN:25,(anonymous_0)
FN:30,(anonymous_1)
FN:42,(anonymous_2)
FN:51,(anonymous_3)
FN:62,(anonymous_4)
FN:71,render
FN:88,(anonymous_6)
FN:95,(anonymous_7)
FN:106,(anonymous_8)
FNF:9
FNH:0
FNDA:0,(anonymous_0)
FNDA:0,(anonymous_1)
FNDA:0,(anonymous_2)
FNDA:0,(anonymous_3)
FNDA:0,(anonymous_4)
FNDA:0,render
FNDA:0,(anonymous_6)
FNDA:0,(anonymous_7)
FNDA:0,(anonymous_8)
DA:26,0
DA:32,0
DA:33,0
DA:34,0
DA:37,0
DA:44,0
DA:45,0
DA:53,0
DA:54,0
DA:55,0
DA:63,0
DA:67,0
DA:68,0
DA:69,0
DA:70,0
DA:72,0
DA:73,0
DA:74,0
DA:75,0
DA:76,0
DA:77,0
DA:88,0
DA:95,0
DA:106,0
DA:116,0
DA:117,0
LF:26
LH:0
BRDA:32,0,0,0
BRDA:32,0,1,0
BRDA:32,1,0,0
BRDA:32,1,1,0
BRDA:44,2,0,0
BRDA:44,2,1,0
BRDA:45,3,0,0
BRDA:45,3,1,0
BRDA:53,4,0,0
BRDA:53,4,1,0
BRDA:53,5,0,0
BRDA:53,5,1,0
BRDA:53,5,2,0
BRF:13
BRH:0
end_of_record
TN:
SF:pkg/traefik/detail/traefik.io.ingressroutetcp.vue
FN:25,(anonymous_0)
FN:30,(anonymous_1)
FN:42,(anonymous_2)
FN:51,(anonymous_3)
FN:62,(anonymous_4)
FN:71,render
FN:88,(anonymous_6)
FN:95,(anonymous_7)
FN:109,(anonymous_8)
FNF:9
FNH:0
FNDA:0,(anonymous_0)
FNDA:0,(anonymous_1)
FNDA:0,(anonymous_2)
FNDA:0,(anonymous_3)
FNDA:0,(anonymous_4)
FNDA:0,render
FNDA:0,(anonymous_6)
FNDA:0,(anonymous_7)
FNDA:0,(anonymous_8)
DA:26,0
DA:32,0
DA:33,0
DA:34,0
DA:37,0
DA:44,0
DA:45,0
DA:53,0
DA:54,0
DA:55,0
DA:63,0
DA:67,0
DA:68,0
DA:69,0
DA:70,0
DA:72,0
DA:73,0
DA:74,0
DA:75,0
DA:76,0
DA:77,0
DA:88,0
DA:95,0
DA:109,0
DA:122,0
DA:123,0
LF:26
LH:0
BRDA:32,0,0,0
BRDA:32,0,1,0
BRDA:32,1,0,0
BRDA:32,1,1,0
BRDA:44,2,0,0
BRDA:44,2,1,0
BRDA:45,3,0,0
BRDA:45,3,1,0
BRDA:53,4,0,0
BRDA:53,4,1,0
BRDA:53,5,0,0
BRDA:53,5,1,0
BRDA:53,5,2,0
BRF:13
BRH:0
end_of_record
TN:
SF:pkg/traefik/detail/traefik.io.middleware.vue
FN:26,(anonymous_0)
FN:30,(anonymous_1)
FN:33,(anonymous_2)
FN:38,(anonymous_3)
FN:69,(anonymous_4)
FN:89,render
FN:99,(anonymous_6)
FN:106,(anonymous_7)
FN:117,(anonymous_8)
FN:124,(anonymous_9)
FN:127,(anonymous_10)
FNF:11
FNH:0
FNDA:0,(anonymous_0)
FNDA:0,(anonymous_1)
FNDA:0,(anonymous_2)
FNDA:0,(anonymous_3)
FNDA:0,(anonymous_4)
FNDA:0,render
FNDA:0,(anonymous_6)
FNDA:0,(anonymous_7)
FNDA:0,(anonymous_8)
FNDA:0,(anonymous_9)
FNDA:0,(anonymous_10)
DA:27,0
DA:28,0
DA:31,0
DA:34,0
DA:39,0
DA:67,0
DA:70,0
DA:71,0
DA:74,0
DA:78,0
DA:79,0
DA:80,0
DA:81,0
DA:82,0
DA:83,0
DA:84,0
DA:85,0
DA:86,0
DA:87,0
DA:88,0
DA:90,0
DA:91,0
DA:92,0
DA:93,0
DA:94,0
DA:95,0
DA:99,0
DA:106,0
DA:118,0
DA:119,0
DA:124,0
DA:127,0
DA:160,0
DA:161,0
LF:34
LH:0
BRDA:27,0,0,0
BRDA:27,0,1,0
BRDA:67,1,0,0
BRDA:67,1,1,0
BRDA:67,1,2,0
BRDA:74,2,0,0
BRDA:74,2,1,0
BRDA:131,3,0,0
BRDA:131,3,1,0
BRF:9
BRH:0
end_of_record
TN:
SF:pkg/traefik/detail/traefik.io.tlsoption.vue
FN:27,(anonymous_0)
FN:30,(anonymous_1)
FN:33,(anonymous_2)
FN:36,(anonymous_3)
FN:39,(anonymous_4)
FN:42,(anonymous_5)
FN:45,(anonymous_6)
FN:48,(anonymous_7)
FN:51,(anonymous_8)
FN:62,(anonymous_9)
FN:68,(anonymous_10)
FN:74,(anonymous_11)
FN:84,(anonymous_12)
FN:93,(anonymous_13)
FN:101,(anonymous_14)
FN:110,(anonymous_15)
FN:169,render
FN:178,(anonymous_17)
FN:185,(anonymous_18)
FN:194,(anonymous_19)
FN:200,(anonymous_20)
FN:223,(anonymous_21)
FN:229,(anonymous_22)
FN:235,(anonymous_23)
FN:264,(anonymous_24)
FN:270,(anonymous_25)
FN:281,(anonymous_26)
FN:290,(anonymous_27)
FN:313,(anonymous_28)
FN:319,(anonymous_29)
FN:342,(anonymous_30)
FN:355,(anonymous_31)
FNF:32
FNH:0
FNDA:0,(anonymous_0)
FNDA:0,(anonymous_1)
FNDA:0,(anonymous_2)
FNDA:0,(anonymous_3)
FNDA:0,(anonymous_4)
FNDA:0,(anonymous_5)
FNDA:0,(anonymous_6)
FNDA:0,(anonymous_7)
FNDA:0,(anonymous_8)
FNDA:0,(anonymous_9)
FNDA:0,(anonymous_10)
FNDA:0,(anonymous_11)
FNDA:0,(anonymous_12)
FNDA:0,(anonymous_13)
FNDA:0,(anonymous_14)
FNDA:0,(anonymous_15)
FNDA:0,render
FNDA:0,(anonymous_17)
FNDA:0,(anonymous_18)
FNDA:0,(anonymous_19)
FNDA:0,(anonymous_20)
FNDA:0,(anonymous_21)
FNDA:0,(anonymous_22)
FNDA:0,(anonymous_23)
FNDA:0,(anonymous_24)
FNDA:0,(anonymous_25)
FNDA:0,(anonymous_26)
FNDA:0,(anonymous_27)
FNDA:0,(anonymous_28)
FNDA:0,(anonymous_29)
FNDA:0,(anonymous_30)
FNDA:0,(anonymous_31)
DA:28,0
DA:31,0
DA:34,0
DA:37,0
DA:40,0
DA:43,0
DA:46,0
DA:49,0
DA:52,0
DA:59,0
DA:60,0
DA:63,0
DA:64,0
DA:65,0
DA:66,0
DA:70,0
DA:75,0
DA:76,0
DA:82,0
DA:85,0
DA:91,0
DA:94,0
DA:99,0
DA:102,0
DA:103,0
DA:104,0
DA:105,0
DA:108,0
DA:111,0
DA:115,0
DA:116,0
DA:117,0
DA:118,0
DA:119,0
DA:120,0
DA:121,0
DA:122,0
DA:123,0
DA:124,0
DA:125,0
DA:126,0
DA:130,0
DA:131,0
DA:135,0
DA:139,0
DA:140,0
DA:141,0
DA:142,0
DA:146,0
DA:147,0
DA:148,0
DA:149,0
DA:153,0
DA:157,0
DA:161,0
DA:162,0
DA:163,0
DA:167,0
DA:168,0
DA:170,0
DA:171,0
DA:172,0
DA:173,0
DA:174,0
DA:178,0
DA:185,0
DA:194,0
DA:202,0
DA:223,0
DA:231,0
DA:236,0
DA:264,0
DA:272,0
DA:282,0
DA:290,0
DA:313,0
DA:321,0
DA:343,0
DA:356,0
DA:377,0
DA:378,0
LF:81
LH:0
BRDA:28,0,0,0
BRDA:28,0,1,0
BRDA:31,1,0,0
BRDA:31,1,1,0
BRDA:34,2,0,0
BRDA:34,2,1,0
BRDA:40,3,0,0
BRDA:40,3,1,0
BRDA:43,4,0,0
BRDA:43,4,1,0
BRDA:43,4,2,0
BRDA:46,5,0,0
BRDA:46,5,1,0
BRDA:46,5,2,0
BRDA:46,5,3,0
BRDA:49,6,0,0
BRDA:49,6,1,0
BRDA:49,6,2,0
BRDA:49,6,3,0
BRDA:49,6,4,0
BRDA:49,6,5,0
BRDA:59,7,0,0
BRDA:59,7,1,0
BRDA:60,8,0,0
BRDA:60,8,1,0
BRDA:63,9,0,0
BRDA:63,9,1,0
BRDA:64,10,0,0
BRDA:64,10,1,0
BRDA:65,11,0,0
BRDA:65,11,1,0
BRDA:75,12,0,0
BRDA:75,12,1,0
BRDA:82,13,0,0
BRDA:82,13,1,0
BRDA:91,14,0,0
BRDA:91,14,1,0
BRDA:99,15,0,0
BRDA:99,15,1,0
BRDA:103,16,0,0
BRDA:103,16,1,0
BRDA:105,17,0,0
BRDA:105,17,1,0
BRDA:188,18,0,0
BRDA:188,18,1,0
BRDA:196,19,0,0
BRDA:196,19,1,0
BRDA:205,20,0,0
BRDA:205,20,1,0
BRDA:205,21,0,0
BRDA:205,21,1,0
BRDA:209,22,0,0
BRDA:209,22,1,0
BRDA:209,23,0,0
BRDA:209,23,1,0
BRDA:217,24,0,0
BRDA:217,24,1,0
BRDA:225,25,0,0
BRDA:225,25,1,0
BRDA:232,26,0,0
BRDA:232,26,1,0
BRDA:232,27,0,0
BRDA:232,27,1,0
BRDA:244,28,0,0
BRDA:244,28,1,0
BRDA:244,29,0,0
BRDA:244,29,1,0
BRDA:244,30,0,0
BRDA:244,30,1,0
BRDA:248,31,0,0
BRDA:248,31,1,0
BRDA:249,32,0,0
BRDA:249,32,1,0
BRDA:258,33,0,0
BRDA:258,33,1,0
BRDA:266,34,0,0
BRDA:266,34,1,0
BRDA:277,35,0,0
BRDA:277,35,1,0
BRDA:277,36,0,0
BRDA:277,36,1,0
BRDA:277,37,0,0
BRDA:277,37,1,0
BRDA:277,38,0,0
BRDA:277,38,1,0
BRDA:291,39,0,0
BRDA:291,39,1,0
BRDA:307,40,0,0
BRDA:307,40,1,0
BRDA:315,41,0,0
BRDA:315,41,1,0
BRDA:322,42,0,0
BRDA:322,42,1,0
BRDA:322,43,0,0
BRDA:322,43,1,0
BRDA:322,44,0,0
BRDA:322,44,1,0
BRDA:326,45,0,0
BRDA:326,45,1,0
BRDA:327,46,0,0
BRDA:327,46,1,0
BRDA:330,47,0,0
BRDA:330,47,1,0
BRDA:330,48,0,0
BRDA:330,48,1,0
BRDA:330,49,0,0
BRDA:330,49,1,0
BRDA:334,50,0,0
BRDA:334,50,1,0
BRDA:335,51,0,0
BRDA:335,51,1,0
BRDA:338,52,0,0
BRDA:338,52,1,0
BRDA:338,53,0,0
BRDA:338,53,1,0
BRDA:351,54,0,0
BRDA:351,54,1,0
BRDA:351,55,0,0
BRDA:351,55,1,0
BRF:119
BRH:0
end_of_record
TN:
SF:pkg/traefik/edit/common/TLSConfiguration.vue
FN:30,(anonymous_0)
FN:34,(anonymous_1)
FN:38,(anonymous_2)
FN:53,(anonymous_3)
FN:60,(anonymous_4)
FN:80,(anonymous_5)
FN:86,(anonymous_6)
FN:92,(anonymous_7)
FN:96,(anonymous_8)
FN:100,(anonymous_9)
FN:104,(anonymous_10)
FN:108,(anonymous_11)
FN:109,(anonymous_12)
FN:116,(anonymous_13)
FN:121,(anonymous_14)
FN:140,(anonymous_15)
FN:156,(anonymous_16)
FN:172,(anonymous_17)
FN:187,(anonymous_18)
FN:201,(anonymous_19)
FN:212,(anonymous_20)
FN:226,(anonymous_21)
FN:231,(anonymous_22)
FN:238,(anonymous_23)
FN:246,(anonymous_24)
FN:253,(anonymous_25)
FN:277,render
FN:291,(anonymous_27)
FN:324,(anonymous_28)
FNF:29
FNH:0
FNDA:0,(anonymous_0)
FNDA:0,(anonymous_1)
FNDA:0,(anonymous_2)
FNDA:0,(anonymous_3)
FNDA:0,(anonymous_4)
FNDA:0,(anonymous_5)
FNDA:0,(anonymous_6)
FNDA:0,(anonymous_7)
FNDA:0,(anonymous_8)
FNDA:0,(anonymous_9)
FNDA:0,(anonymous_10)
FNDA:0,(anonymous_11)
FNDA:0,(anonymous_12)
FNDA:0,(anonymous_13)
FNDA:0,(anonymous_14)
FNDA:0,(anonymous_15)
FNDA:0,(anonymous_16)
FNDA:0,(anonymous_17)
FNDA:0,(anonymous_18)
FNDA:0,(anonymous_19)
FNDA:0,(anonymous_20)
FNDA:0,(anonymous_21)
FNDA:0,(anonymous_22)
FNDA:0,(anonymous_23)
FNDA:0,(anonymous_24)
FNDA:0,(anonymous_25)
FNDA:0,render
FNDA:0,(anonymous_27)
FNDA:0,(anonymous_28)
DA:30,0
DA:34,0
DA:38,0
DA:54,0
DA:62,0
DA:63,0
DA:67,0
DA:68,0
DA:72,0
DA:75,0
DA:76,0
DA:81,0
DA:82,0
DA:83,0
DA:89,0
DA:93,0
DA:97,0
DA:101,0
DA:105,0
DA:109,0
DA:110,0
DA:118,0
DA:122,0
DA:124,0
DA:127,0
DA:128,0
DA:131,0
DA:132,0
DA:137,0
DA:141,0
DA:142,0
DA:146,0
DA:147,0
DA:149,0
DA:150,0
DA:152,0
DA:157,0
DA:158,0
DA:162,0
DA:163,0
DA:165,0
DA:166,0
DA:168,0
DA:174,0
DA:175,0
DA:176,0
DA:178,0
DA:180,0
DA:181,0
DA:183,0
DA:189,0
DA:190,0
DA:191,0
DA:193,0
DA:195,0
DA:196,0
DA:198,0
DA:203,0
DA:204,0
DA:205,0
DA:206,0
DA:213,0
DA:214,0
DA:216,0
DA:217,0
DA:219,0
DA:223,0
DA:227,0
DA:232,0
DA:240,0
DA:241,0
DA:249,0
DA:250,0
DA:254,0
DA:258,0
DA:259,0
DA:260,0
DA:261,0
DA:262,0
DA:263,0
DA:264,0
DA:265,0
DA:269,0
DA:270,0
DA:271,0
DA:272,0
DA:273,0
DA:274,0
DA:275,0
DA:276,0
DA:278,0
DA:279,0
DA:280,0
DA:281,0
DA:282,0
DA:283,0
DA:284,0
DA:291,0
DA:324,0
DA:397,0
DA:398,0
LF:101
LH:0
BRDA:62,0,0,0
BRDA:62,0,1,0
BRDA:67,1,0,0
BRDA:67,1,1,0
BRDA:82,2,0,0
BRDA:82,2,1,0
BRDA:83,3,0,0
BRDA:83,3,1,0
BRDA:83,3,2,0
BRDA:83,3,3,0
BRDA:83,3,4,0
BRDA:83,3,5,0
BRDA:83,3,6,0
BRDA:83,3,7,0
BRDA:83,3,8,0
BRDA:89,4,0,0
BRDA:89,4,1,0
BRDA:93,5,0,0
BRDA:93,5,1,0
BRDA:97,6,0,0
BRDA:97,6,1,0
BRDA:101,7,0,0
BRDA:101,7,1,0
BRDA:105,8,0,0
BRDA:105,8,1,0
BRDA:110,9,0,0
BRDA:110,9,1,0
BRDA:122,10,0,0
BRDA:122,10,1,0
BRDA:127,11,0,0
BRDA:127,11,1,0
BRDA:131,12,0,0
BRDA:131,12,1,0
BRDA:141,13,0,0
BRDA:141,13,1,0
BRDA:146,14,0,0
BRDA:146,14,1,0
BRDA:149,15,0,0
BRDA:149,15,1,0
BRDA:157,16,0,0
BRDA:157,16,1,0
BRDA:162,17,0,0
BRDA:162,17,1,0
BRDA:165,18,0,0
BRDA:165,18,1,0
BRDA:174,19,0,0
BRDA:174,19,1,0
BRDA:175,20,0,0
BRDA:175,20,1,0
BRDA:180,21,0,0
BRDA:180,21,1,0
BRDA:189,22,0,0
BRDA:189,22,1,0
BRDA:190,23,0,0
BRDA:190,23,1,0
BRDA:195,24,0,0
BRDA:195,24,1,0
BRDA:203,25,0,0
BRDA:203,25,1,0
BRDA:205,26,0,0
BRDA:205,26,1,0
BRDA:213,27,0,0
BRDA:213,27,1,0
BRDA:216,28,0,0
BRDA:216,28,1,0
BRDA:240,29,0,0
BRDA:240,29,1,0
BRDA:240,30,0,0
BRDA:240,30,1,0
BRDA:249,31,0,0
BRDA:249,31,1,0
BRDA:291,32,0,0
BRDA:291,32,1,0
BRDA:301,33,0,0
BRDA:301,33,1,0
BRDA:301,34,0,0
BRDA:301,34,1,0
BRDA:305,35,0,0
BRDA:305,35,1,0
BRDA:309,36,0,0
BRDA:309,36,1,0
BRDA:309,37,0,0
BRDA:309,37,1,0
BRDA:309,37,2,0
BRDA:317,38,0,0
BRDA:317,38,1,0
BRDA:319,39,0,0
BRDA:319,39,1,0
BRDA:324,40,0,0
BRDA:324,40,1,0
BRF:90
BRH:0
end_of_record
TN:
SF:pkg/traefik/edit/common/TLSDomain.vue
FN:21,(anonymous_0)
FN:27,(anonymous_1)
FN:30,(anonymous_2)
FN:31,(anonymous_3)
FN:31,(anonymous_4)
FN:34,(anonymous_5)
FN:41,(anonymous_6)
FN:48,(anonymous_7)
FN:61,render
FN:67,(anonymous_9)
FN:79,(anonymous_10)
FN:90,(anonymous_11)
FNF:12
FNH:0
FNDA:0,(anonymous_0)
FNDA:0,(anonymous_1)
FNDA:0,(anonymous_2)
FNDA:0,(anonymous_3)
FNDA:0,(anonymous_4)
FNDA:0,(anonymous_5)
FNDA:0,(anonymous_6)
FNDA:0,(anonymous_7)
FNDA:0,render
FNDA:0,(anonymous_9)
FNDA:0,(anonymous_10)
FNDA:0,(anonymous_11)
DA:21,0
DA:28,0
DA:31,0
DA:36,0
DA:42,0
DA:49,0
DA:53,0
DA:54,0
DA:55,0
DA:56,0
DA:57,0
DA:58,0
DA:59,0
DA:60,0
DA:62,0
DA:63,0
DA:67,0
DA:79,0
DA:91,0
DA:92,0
DA:93,0
DA:95,0
DA:101,0
DA:102,0
LF:24
LH:0
BRDA:28,0,0,0
BRDA:28,0,1,0
BRDA:31,1,0,0
BRDA:31,1,1,0
BRDA:67,2,0,0
BRDA:67,2,1,0
BRDA:73,3,0,0
BRDA:73,3,1,0
BRDA:79,4,0,0
BRDA:79,4,1,0
BRDA:90,5,0,0
BRDA:90,5,1,0
BRDA:95,6,0,0
BRDA:95,6,1,0
BRF:14
BRH:0
end_of_record
TN:
SF:pkg/traefik/edit/common/TLSDomains.vue
FN:20,(anonymous_0)
FN:29,(anonymous_1)
FN:41,(anonymous_2)
FN:54,(anonymous_3)
FN:58,(anonymous_4)
FN:63,(anonymous_5)
FN:66,(anonymous_6)
FN:71,(anonymous_7)
FN:84,(anonymous_8)
FN:89,(anonymous_9)
FN:98,render
FN:104,(anonymous_11)
FN:111,(anonymous_12)
FN:117,(anonymous_13)
FNF:14
FNH:0
FNDA:0,(anonymous_0)
FNDA:0,(anonymous_1)
FNDA:0,(anonymous_2)
FNDA:0,(anonymous_3)
FNDA:0,(anonymous_4)
FNDA:0,(anonymous_5)
FNDA:0,(anonymous_6)
FNDA:0,(anonymous_7)
FNDA:0,(anonymous_8)
FNDA:0,(anonymous_9)
FNDA:0,render
FNDA:0,(anonymous_11)
FNDA:0,(anonymous_12)
FNDA:0,(anonymous_13)
DA:21,0
DA:31,0
DA:32,0
DA:36,0
DA:37,0
DA:43,0
DA:44,0
DA:48,0
DA:49,0
DA:50,0
DA:54,0
DA:60,0
DA:61,0
DA:64,0
DA:68,0
DA:70,0
DA:71,0
DA:72,0
DA:73,0
DA:74,0
DA:75,0
DA:76,0
DA:79,0
DA:85,0
DA:90,0
DA:94,0
DA:95,0
DA:96,0
DA:97,0
DA:99,0
DA:100,0
DA:101,0
DA:104,0
DA:111,0
DA:117,0
DA:124,0
DA:125,0
LF:37
LH:0
BRDA:31,0,0,0
BRDA:31,0,1,0
BRDA:36,1,0,0
BRDA:36,1,1,0
BRDA:43,2,0,0
BRDA:43,2,1,0
BRDA:43,3,0,0
BRDA:43,3,1,0
BRDA:49,4,0,0
BRDA:49,4,1,0
BRDA:73,5,0,0
BRDA:73,5,1,0
BRDA:75,6,0,0
BRDA:75,6,1,0
BRDA:104,7,0,0
BRDA:104,7,1,0
BRDA:117,8,0,0
BRDA:117,8,1,0
BRF:18
BRH:0
end_of_record
TN:
SF:pkg/traefik/edit/traefik.io.ingressroute/index.vue
FN:37,(anonymous_0)
FN:93,(anonymous_1)
FN:168,(anonymous_2)
FN:175,(anonymous_3)
FN:182,(anonymous_4)
FN:188,(anonymous_5)
FN:191,(anonymous_6)
FN:196,(anonymous_7)
FN:200,(anonymous_8)
FN:206,(anonymous_9)
FN:207,(anonymous_10)
FN:213,(anonymous_11)
FN:214,(anonymous_12)
FN:214,(anonymous_13)
FN:219,(anonymous_14)
FN:220,(anonymous_15)
FN:226,(anonymous_16)
FN:227,(anonymous_17)
FN:232,(anonymous_18)
FN:233,(anonymous_19)
FN:239,(anonymous_20)
FN:244,(anonymous_21)
FN:246,(anonymous_22)
FN:252,(anonymous_23)
FN:297,(anonymous_24)
FN:302,(anonymous_25)
FN:305,(anonymous_26)
FN:317,(anonymous_27)
FN:323,(anonymous_28)
FN:360,render
FN:379,(anonymous_30)
FN:382,(anonymous_31)
FN:395,(anonymous_32)
FN:403,(anonymous_33)
FN:426,(anonymous_34)
FN:446,(anonymous_35)
FN:455,(anonymous_36)
FN:467,(anonymous_37)
FN:478,(anonymous_38)
FN:489,(anonymous_39)
FN:504,(anonymous_40)
FNF:41
FNH:0
FNDA:0,(anonymous_0)
FNDA:0,(anonymous_1)
FNDA:0,(anonymous_2)
FNDA:0,(anonymous_3)
FNDA:0,(anonymous_4)
FNDA:0,(anonymous_5)
FNDA:0,(anonymous_6)
FNDA:0,(anonymous_7)
FNDA:0,(anonymous_8)
FNDA:0,(anonymous_9)
FNDA:0,(anonymous_10)
FNDA:0,(anonymous_11)
FNDA:0,(anonymous_12)
FNDA:0,(anonymous_13)
FNDA:0,(anonymous_14)
FNDA:0,(anonymous_15)
FNDA:0,(anonymous_16)
FNDA:0,(anonymous_17)
FNDA:0,(anonymous_18)
FNDA:0,(anonymous_19)
FNDA:0,(anonymous_20)
FNDA:0,(anonymous_21)
FNDA:0,(anonymous_22)
FNDA:0,(anonymous_23)
FNDA:0,(anonymous_24)
FNDA:0,(anonymous_25)
FNDA:0,(anonymous_26)
FNDA:0,(anonymous_27)
FNDA:0,(anonymous_28)
FNDA:0,render
FNDA:0,(anonymous_30)
FNDA:0,(anonymous_31)
FNDA:0,(anonymous_32)
FNDA:0,(anonymous_33)
FNDA:0,(anonymous_34)
FNDA:0,(anonymous_35)
FNDA:0,(anonymous_36)
FNDA:0,(anonymous_37)
FNDA:0,(anonymous_38)
FNDA:0,(anonymous_39)
FNDA:0,(anonymous_40)
DA:39,0
DA:40,0
DA:77,0
DA:80,0
DA:88,0
DA:89,0
DA:90,0
DA:94,0
DA:106,0
DA:107,0
DA:110,0
DA:111,0
DA:112,0
DA:113,0
DA:114,0
DA:125,0
DA:169,0
DA:176,0
DA:183,0
DA:189,0
DA:193,0
DA:198,0
DA:201,0
DA:204,0
DA:207,0
DA:214,0
DA:220,0
DA:227,0
DA:233,0
DA:240,0
DA:246,0
DA:253,0
DA:255,0
DA:292,0
DA:302,0
DA:303,0
DA:304,0
DA:305,0
DA:306,0
DA:308,0
DA:309,0
DA:311,0
DA:312,0
DA:316,0
DA:317,0
DA:322,0
DA:323,0
DA:332,0
DA:333,0
DA:336,0
DA:337,0
DA:341,0
DA:346,0
DA:347,0
DA:348,0
DA:349,0
DA:350,0
DA:351,0
DA:352,0
DA:353,0
DA:357,0
DA:358,0
DA:359,0
DA:361,0
DA:362,0
DA:363,0
DA:364,0
DA:365,0
DA:366,0
DA:367,0
DA:368,0
DA:369,0
DA:370,0
DA:371,0
DA:372,0
DA:379,0
DA:382,0
DA:395,0
DA:403,0
DA:426,0
DA:446,0
DA:455,0
DA:467,0
DA:478,0
DA:489,0
DA:504,0
DA:523,0
DA:524,0
LF:88
LH:0
BRDA:39,0,0,0
BRDA:39,0,1,0
BRDA:89,1,0,0
BRDA:89,1,1,0
BRDA:90,2,0,0
BRDA:90,2,1,0
BRDA:106,3,0,0
BRDA:106,3,1,0
BRDA:110,4,0,0
BRDA:110,4,1,0
BRDA:111,5,0,0
BRDA:111,5,1,0
BRDA:112,6,0,0
BRDA:112,6,1,0
BRDA:113,7,0,0
BRDA:113,7,1,0
BRDA:171,8,0,0
BRDA:171,8,1,0
BRDA:178,9,0,0
BRDA:178,9,1,0
BRDA:193,10,0,0
BRDA:193,10,1,0
BRDA:198,11,0,0
BRDA:198,11,1,0
BRDA:198,11,2,0
BRDA:198,11,3,0
BRDA:210,12,0,0
BRDA:210,12,1,0
BRDA:246,13,0,0
BRDA:246,13,1,0
BRDA:246,13,2,0
BRDA:253,14,0,0
BRDA:253,14,1,0
BRDA:253,15,0,0
BRDA:253,15,1,0
BRDA:304,16,0,0
BRDA:304,16,1,0
BRDA:308,17,0,0
BRDA:308,17,1,0
BRDA:309,18,0,0
BRDA:309,18,1,0
BRDA:309,18,2,0
BRDA:311,19,0,0
BRDA:311,19,1,0
BRDA:312,20,0,0
BRDA:312,20,1,0
BRDA:312,20,2,0
BRDA:316,21,0,0
BRDA:316,21,1,0
BRDA:322,22,0,0
BRDA:322,22,1,0
BRDA:332,23,0,0
BRDA:332,23,1,0
BRDA:333,24,0,0
BRDA:333,24,1,0
BRDA:333,24,2,0
BRDA:333,24,3,0
BRDA:333,24,4,0
BRDA:333,24,5,0
BRDA:333,24,6,0
BRDA:333,24,7,0
BRDA:336,25,0,0
BRDA:336,25,1,0
BRDA:379,26,0,0
BRDA:379,26,1,0
BRDA:383,27,0,0
BRDA:383,27,1,0
BRDA:386,28,0,0
BRDA:386,28,1,0
BRDA:412,29,0,0
BRDA:412,29,1,0
BRDA:426,30,0,0
BRDA:426,30,1,0
BRDA:432,31,0,0
BRDA:432,31,1,0
BRDA:447,32,0,0
BRDA:447,32,1,0
BRDA:455,33,0,0
BRDA:455,33,1,0
BRDA:468,34,0,0
BRDA:468,34,1,0
BRDA:478,35,0,0
BRDA:478,35,1,0
BRF:83
BRH:0
end_of_record
TN:
SF:pkg/traefik/edit/traefik.io.ingressroutetcp/index.vue
FN:39,(anonymous_0)
FN:95,(anonymous_1)
FN:171,(anonymous_2)
FN:178,(anonymous_3)
FN:185,(anonymous_4)
FN:188,(anonymous_5)
FN:192,(anonymous_6)
FN:195,(anonymous_7)
FN:199,(anonymous_8)
FN:200,(anonymous_9)
FN:206,(anonymous_10)
FN:207,(anonymous_11)
FN:207,(anonymous_12)
FN:212,(anonymous_13)
FN:213,(anonymous_14)
FN:219,(anonymous_15)
FN:220,(anonymous_16)
FN:225,(anonymous_17)
FN:226,(anonymous_18)
FN:232,(anonymous_19)
FN:237,(anonymous_20)
FN:239,(anonymous_21)
FN:245,(anonymous_22)
FN:248,(anonymous_23)
FN:248,(anonymous_24)
FN:254,(anonymous_25)
FN:296,(anonymous_26)
FN:300,(anonymous_27)
FN:303,(anonymous_28)
FN:315,(anonymous_29)
FN:321,(anonymous_30)
FN:353,render
FN:372,(anonymous_32)
FN:375,(anonymous_33)
FN:388,(anonymous_34)
FN:396,(anonymous_35)
FN:419,(anonymous_36)
FN:438,(anonymous_37)
FN:447,(anonymous_38)
FN:459,(anonymous_39)
FN:472,(anonymous_40)
FN:483,(anonymous_41)
FN:498,(anonymous_42)
FNF:43
FNH:0
FNDA:0,(anonymous_0)
FNDA:0,(anonymous_1)
FNDA:0,(anonymous_2)
FNDA:0,(anonymous_3)
FNDA:0,(anonymous_4)
FNDA:0,(anonymous_5)
FNDA:0,(anonymous_6)
FNDA:0,(anonymous_7)
FNDA:0,(anonymous_8)
FNDA:0,(anonymous_9)
FNDA:0,(anonymous_10)
FNDA:0,(anonymous_11)
FNDA:0,(anonymous_12)
FNDA:0,(anonymous_13)
FNDA:0,(anonymous_14)
FNDA:0,(anonymous_15)
FNDA:0,(anonymous_16)
FNDA:0,(anonymous_17)
FNDA:0,(anonymous_18)
FNDA:0,(anonymous_19)
FNDA:0,(anonymous_20)
FNDA:0,(anonymous_21)
FNDA:0,(anonymous_22)
FNDA:0,(anonymous_23)
FNDA:0,(anonymous_24)
FNDA:0,(anonymous_25)
FNDA:0,(anonymous_26)
FNDA:0,(anonymous_27)
FNDA:0,(anonymous_28)
FNDA:0,(anonymous_29)
FNDA:0,(anonymous_30)
FNDA:0,render
FNDA:0,(anonymous_32)
FNDA:0,(anonymous_33)
FNDA:0,(anonymous_34)
FNDA:0,(anonymous_35)
FNDA:0,(anonymous_36)
FNDA:0,(anonymous_37)
FNDA:0,(anonymous_38)
FNDA:0,(anonymous_39)
FNDA:0,(anonymous_40)
FNDA:0,(anonymous_41)
FNDA:0,(anonymous_42)
DA:41,0
DA:42,0
DA:79,0
DA:82,0
DA:90,0
DA:91,0
DA:92,0
DA:96,0
DA:108,0
DA:109,0
DA:112,0
DA:113,0
DA:114,0
DA:115,0
DA:116,0
DA:127,0
DA:172,0
DA:179,0
DA:186,0
DA:189,0
DA:193,0
DA:196,0
DA:197,0
DA:200,0
DA:207,0
DA:213,0
DA:220,0
DA:226,0
DA:233,0
DA:239,0
DA:246,0
DA:248,0
DA:250,0
DA:255,0
DA:256,0
DA:291,0
DA:300,0
DA:301,0
DA:302,0
DA:303,0
DA:304,0
DA:306,0
DA:307,0
DA:309,0
DA:310,0
DA:314,0
DA:315,0
DA:320,0
DA:321,0
DA:325,0
DA:326,0
DA:329,0
DA:330,0
DA:334,0
DA:339,0
DA:340,0
DA:341,0
DA:342,0
DA:343,0
DA:344,0
DA:345,0
DA:346,0
DA:350,0
DA:351,0
DA:352,0
DA:354,0
DA:355,0
DA:356,0
DA:357,0
DA:358,0
DA:359,0
DA:360,0
DA:361,0
DA:362,0
DA:363,0
DA:364,0
DA:365,0
DA:372,0
DA:375,0
DA:388,0
DA:396,0
DA:419,0
DA:438,0
DA:447,0
DA:459,0
DA:472,0
DA:483,0
DA:498,0
DA:517,0
DA:518,0
LF:90
LH:0
BRDA:41,0,0,0
BRDA:41,0,1,0
BRDA:91,1,0,0
BRDA:91,1,1,0
BRDA:92,2,0,0
BRDA:92,2,1,0
BRDA:108,3,0,0
BRDA:108,3,1,0
BRDA:112,4,0,0
BRDA:112,4,1,0
BRDA:113,5,0,0
BRDA:113,5,1,0
BRDA:114,6,0,0
BRDA:114,6,1,0
BRDA:115,7,0,0
BRDA:115,7,1,0
BRDA:141,8,0,0
BRDA:141,8,1,0
BRDA:174,9,0,0
BRDA:174,9,1,0
BRDA:181,10,0,0
BRDA:181,10,1,0
BRDA:189,11,0,0
BRDA:189,11,1,0
BRDA:193,12,0,0
BRDA:193,12,1,0
BRDA:193,12,2,0
BRDA:193,12,3,0
BRDA:203,13,0,0
BRDA:203,13,1,0
BRDA:239,14,0,0
BRDA:239,14,1,0
BRDA:239,14,2,0
BRDA:246,15,0,0
BRDA:246,15,1,0
BRDA:255,16,0,0
BRDA:255,16,1,0
BRDA:255,17,0,0
BRDA:255,17,1,0
BRDA:302,18,0,0
BRDA:302,18,1,0
BRDA:306,19,0,0
BRDA:306,19,1,0
BRDA:307,20,0,0
BRDA:307,20,1,0
BRDA:307,20,2,0
BRDA:309,21,0,0
BRDA:309,21,1,0
BRDA:310,22,0,0
BRDA:310,22,1,0
BRDA:310,22,2,0
BRDA:314,23,0,0
BRDA:314,23,1,0
BRDA:320,24,0,0
BRDA:320,24,1,0
BRDA:325,25,0,0
BRDA:325,25,1,0
BRDA:326,26,0,0
BRDA:326,26,1,0
BRDA:326,26,2,0
BRDA:326,26,3,0
BRDA:326,26,4,0
BRDA:326,26,5,0
BRDA:326,26,6,0
BRDA:326,26,7,0
BRDA:326,26,8,0
BRDA:329,27,0,0
BRDA:329,27,1,0
BRDA:372,28,0,0
BRDA:372,28,1,0
BRDA:376,29,0,0
BRDA:376,29,1,0
BRDA:379,30,0,0
BRDA:379,30,1,0
BRDA:405,31,0,0
BRDA:405,31,1,0
BRDA:419,32,0,0
BRDA:419,32,1,0
BRDA:424,33,0,0
BRDA:424,33,1,0
BRDA:439,34,0,0
BRDA:439,34,1,0
BRDA:447,35,0,0
BRDA:447,35,1,0
BRDA:460,36,0,0
BRDA:460,36,1,0
BRDA:472,37,0,0
BRDA:472,37,1,0
BRF:88
BRH:0
end_of_record
TN:
SF:pkg/traefik/edit/traefik.io.tlsoption/index.vue
FN:39,(anonymous_0)
FN:57,(anonymous_1)
FN:113,(anonymous_2)
FN:120,(anonymous_3)
FN:128,(anonymous_4)
FN:131,(anonymous_5)
FN:135,(anonymous_6)
FN:141,(anonymous_7)
FN:142,(anonymous_8)
FN:142,(anonymous_9)
FN:147,(anonymous_10)
FN:151,(anonymous_11)
FN:166,(anonymous_12)
FN:190,(anonymous_13)
FN:195,(anonymous_14)
FN:213,(anonymous_15)
FN:292,render
FN:311,(anonymous_17)
FN:314,(anonymous_18)
FN:327,(anonymous_19)
FN:335,(anonymous_20)
FN:350,(anonymous_21)
FN:356,(anonymous_22)
FN:361,(anonymous_23)
FN:376,(anonymous_24)
FN:404,(anonymous_25)
FN:419,(anonymous_26)
FN:425,(anonymous_27)
FN:428,(anonymous_28)
FN:441,(anonymous_29)
FN:462,(anonymous_30)
FN:477,(anonymous_31)
FN:483,(anonymous_32)
FN:488,(anonymous_33)
FN:504,(anonymous_34)
FN:536,(anonymous_35)
FN:551,(anonymous_36)
FN:557,(anonymous_37)
FN:563,(anonymous_38)
FN:579,(anonymous_39)
FN:595,(anonymous_40)
FN:604,(anonymous_41)
FN:625,(anonymous_42)
FNF:43
FNH:0
FNDA:0,(anonymous_0)
FNDA:0,(anonymous_1)
FNDA:0,(anonymous_2)
FNDA:0,(anonymous_3)
FNDA:0,(anonymous_4)
FNDA:0,(anonymous_5)
FNDA:0,(anonymous_6)
FNDA:0,(anonymous_7)
FNDA:0,(anonymous_8)
FNDA:0,(anonymous_9)
FNDA:0,(anonymous_10)
FNDA:0,(anonymous_11)
FNDA:0,(anonymous_12)
FNDA:0,(anonymous_13)
FNDA:0,(anonymous_14)
FNDA:0,(anonymous_15)
FNDA:0,render
FNDA:0,(anonymous_17)
FNDA:0,(anonymous_18)
FNDA:0,(anonymous_19)
FNDA:0,(anonymous_20)
FNDA:0,(anonymous_21)
FNDA:0,(anonymous_22)
FNDA:0,(anonymous_23)
FNDA:0,(anonymous_24)
FNDA:0,(anonymous_25)
FNDA:0,(anonymous_26)
FNDA:0,(anonymous_27)
FNDA:0,(anonymous_28)
FNDA:0,(anonymous_29)
FNDA:0,(anonymous_30)
FNDA:0,(anonymous_31)
FNDA:0,(anonymous_32)
FNDA:0,(anonymous_33)
FNDA:0,(anonymous_34)
FNDA:0,(anonymous_35)
FNDA:0,(anonymous_36)
FNDA:0,(anonymous_37)
FNDA:0,(anonymous_38)
FNDA:0,(anonymous_39)
FNDA:0,(anonymous_40)
FNDA:0,(anonymous_41)
FNDA:0,(anonymous_42)
DA:41,0
DA:42,0
DA:55,0
DA:58,0
DA:72,0
DA:73,0
DA:76,0
DA:77,0
DA:78,0
DA:79,0
DA:82,0
DA:83,0
DA:89,0
DA:92,0
DA:114,0
DA:121,0
DA:129,0
DA:133,0
DA:136,0
DA:139,0
DA:142,0
DA:148,0
DA:149,0
DA:152,0
DA:167,0
DA:191,0
DA:196,0
DA:197,0
DA:208,0
DA:215,0
DA:216,0
DA:220,0
DA:223,0
DA:224,0
DA:226,0
DA:227,0
DA:231,0
DA:232,0
DA:234,0
DA:235,0
DA:237,0
DA:238,0
DA:242,0
DA:243,0
DA:245,0
DA:246,0
DA:248,0
DA:249,0
DA:254,0
DA:255,0
DA:256,0
DA:257,0
DA:258,0
DA:259,0
DA:260,0
DA:261,0
DA:262,0
DA:263,0
DA:264,0
DA:265,0
DA:266,0
DA:267,0
DA:268,0
DA:269,0
DA:270,0
DA:271,0
DA:272,0
DA:273,0
DA:274,0
DA:275,0
DA:276,0
DA:277,0
DA:278,0
DA:279,0
DA:280,0
DA:281,0
DA:282,0
DA:283,0
DA:284,0
DA:285,0
DA:286,0
DA:287,0
DA:288,0
DA:289,0
DA:290,0
DA:291,0
DA:293,0
DA:294,0
DA:295,0
DA:296,0
DA:297,0
DA:298,0
DA:299,0
DA:300,0
DA:301,0
DA:302,0
DA:303,0
DA:304,0
DA:311,0
DA:314,0
DA:327,0
DA:335,0
DA:350,0
DA:356,0
DA:361,0
DA:376,0
DA:404,0
DA:419,0
DA:425,0
DA:428,0
DA:441,0
DA:462,0
DA:477,0
DA:483,0
DA:488,0
DA:504,0
DA:536,0
DA:551,0
DA:557,0
DA:563,0
DA:579,0
DA:595,0
DA:604,0
DA:625,0
DA:642,0
DA:643,0
LF:126
LH:0
BRDA:41,0,0,0
BRDA:41,0,1,0
BRDA:72,1,0,0
BRDA:72,1,1,0
BRDA:76,2,0,0
BRDA:76,2,1,0
BRDA:77,3,0,0
BRDA:77,3,1,0
BRDA:78,4,0,0
BRDA:78,4,1,0
BRDA:79,5,0,0
BRDA:79,5,1,0
BRDA:82,6,0,0
BRDA:82,6,1,0
BRDA:89,7,0,0
BRDA:89,7,1,0
BRDA:116,8,0,0
BRDA:116,8,1,0
BRDA:152,9,0,0
BRDA:152,9,1,0
BRDA:167,10,0,0
BRDA:167,10,1,0
BRDA:196,11,0,0
BRDA:196,11,1,0
BRDA:196,12,0,0
BRDA:196,12,1,0
BRDA:215,13,0,0
BRDA:215,13,1,0
BRDA:223,14,0,0
BRDA:223,14,1,0
BRDA:226,15,0,0
BRDA:226,15,1,0
BRDA:231,16,0,0
BRDA:231,16,1,0
BRDA:231,17,0,0
BRDA:231,17,1,0
BRDA:234,18,0,0
BRDA:234,18,1,0
BRDA:234,19,0,0
BRDA:234,19,1,0
BRDA:237,20,0,0
BRDA:237,20,1,0
BRDA:237,21,0,0
BRDA:237,21,1,0
BRDA:242,22,0,0
BRDA:242,22,1,0
BRDA:245,23,0,0
BRDA:245,23,1,0
BRDA:248,24,0,0
BRDA:248,24,1,0
BRDA:311,25,0,0
BRDA:311,25,1,0
BRDA:315,26,0,0
BRDA:315,26,1,0
BRDA:318,27,0,0
BRDA:318,27,1,0
BRDA:352,28,0,0
BRDA:352,28,1,0
BRDA:361,29,0,0
BRDA:361,29,1,0
BRDA:376,30,0,0
BRDA:376,30,1,0
BRDA:421,31,0,0
BRDA:421,31,1,0
BRDA:428,32,0,0
BRDA:428,32,1,0
BRDA:441,33,0,0
BRDA:441,33,1,0
BRDA:479,34,0,0
BRDA:479,34,1,0
BRDA:488,35,0,0
BRDA:488,35,1,0
BRDA:504,36,0,0
BRDA:504,36,1,0
BRDA:516,37,0,0
BRDA:516,37,1,0
BRDA:553,38,0,0
BRDA:553,38,1,0
BRDA:563,39,0,0
BRDA:563,39,1,0
BRDA:579,40,0,0
BRDA:579,40,1,0
BRDA:595,41,0,0
BRDA:595,41,1,0
BRDA:604,42,0,0
BRDA:604,42,1,0
BRF:86
BRH:0
end_of_record
TN:
SF:pkg/traefik/formatters/CompactList.vue
FN:7,(anonymous_0)
FN:11,(anonymous_1)
FN:18,(anonymous_2)
FN:33,(anonymous_3)
FN:33,(anonymous_4)
FN:38,(anonymous_5)
FN:41,(anonymous_6)
FN:44,(anonymous_7)
FN:49,(anonymous_8)
FN:74,render
FNF:10
FNH:0
FNDA:0,(anonymous_0)
FNDA:0,(anonymous_1)
FNDA:0,(anonymous_2)
FNDA:0,(anonymous_3)
FNDA:0,(anonymous_4)
FNDA:0,(anonymous_5)
FNDA:0,(anonymous_6)
FNDA:0,(anonymous_7)
FNDA:0,(anonymous_8)
FNDA:0,render
DA:7,0
DA:11,0
DA:19,0
DA:20,0
DA:22,0
DA:23,0
DA:27,0
DA:28,0
DA:29,0
DA:30,0
DA:33,0
DA:36,0
DA:39,0
DA:42,0
DA:45,0
DA:46,0
DA:48,0
DA:49,0
DA:50,0
DA:52,0
DA:56,0
DA:57,0
DA:58,0
DA:59,0
DA:60,0
DA:61,0
DA:65,0
DA:69,0
DA:70,0
DA:75,0
DA:76,0
DA:109,0
DA:110,0
LF:33
LH:0
BRDA:19,0,0,0
BRDA:19,0,1,0
BRDA:22,1,0,0
BRDA:22,1,1,0
BRDA:27,2,0,0
BRDA:27,2,1,0
BRDA:30,3,0,0
BRDA:30,3,1,0
BRDA:39,4,0,0
BRDA:39,4,1,0
BRDA:45,5,0,0
BRDA:45,5,1,0
BRDA:77,6,0,0
BRDA:77,6,1,0
BRDA:89,7,0,0
BRDA:89,7,1,0
BRDA:92,8,0,0
BRDA:92,8,1,0
BRDA:95,9,0,0
BRDA:95,9,1,0
BRF:20
BRH:0
end_of_record
TN:
SF:pkg/traefik/formatters/HostMatch.vue
FN:17,(anonymous_0)
FN:21,(anonymous_1)
FN:24,(anonymous_2)
FN:46,(anonymous_3)
FN:50,(anonymous_4)
FN:58,(anonymous_5)
FN:76,render
FNF:7
FNH:6
FNDA:1,(anonymous_0)
FNDA:17,(anonymous_1)
FNDA:17,(anonymous_2)
FNDA:9,(anonymous_3)
FNDA:12,(anonymous_4)
FNDA:0,(anonymous_5)
FNDA:17,render
DA:4,1
DA:7,1
DA:8,1
DA:17,1
DA:22,17
DA:25,17
DA:28,15
DA:29,15
DA:30,12
DA:33,12
DA:34,12
DA:37,12
DA:38,12
DA:39,12
DA:40,12
DA:48,9
DA:51,12
DA:52,12
DA:53,12
DA:55,0
DA:59,0
DA:63,1
DA:64,1
DA:65,1
DA:66,1
DA:67,1
DA:71,1
DA:72,1
DA:77,17
DA:92,1
DA:93,1
LF:31
LH:29
BRDA:22,0,0,17
BRDA:22,0,1,3
BRDA:25,1,0,2
BRDA:25,1,1,15
BRDA:29,2,0,3
BRDA:29,2,1,12
BRDA:34,3,0,3
BRDA:34,3,1,9
BRDA:37,4,0,12
BRDA:37,4,1,9
BRDA:38,5,0,5
BRDA:38,5,1,7
BRDA:40,6,0,12
BRDA:40,6,1,0
BRDA:48,7,0,9
BRDA:48,7,1,8
BRDA:48,7,2,1
BRDA:77,8,0,12
BRDA:77,8,1,5
BRDA:87,9,0,12
BRDA:87,9,1,12
BRDA:90,10,0,5
BRDA:90,10,1,2
BRF:23
BRH:22
end_of_record
TN:
SF:pkg/traefik/formatters/IngressClass.vue
FN:10,(anonymous_0)
FN:14,(anonymous_1)
FN:24,render
FNF:3
FNH:0
FNDA:0,(anonymous_0)
FNDA:0,(anonymous_1)
FNDA:0,render
DA:10,0
DA:16,0
DA:20,0
DA:21,0
DA:22,0
DA:23,0
DA:25,0
DA:27,0
DA:28,0
LF:9
LH:0
BRDA:16,0,0,0
BRDA:16,0,1,0
BRF:2
BRH:0
end_of_record
TN:
SF:pkg/traefik/formatters/IngressHosts.vue
FN:10,(anonymous_0)
FN:14,(anonymous_1)
FN:28,(anonymous_2)
FN:59,render
FN:63,(anonymous_4)
FN:93,(anonymous_5)
FNF:6
FNH:0
FNDA:0,(anonymous_0)
FNDA:0,(anonymous_1)
FNDA:0,(anonymous_2)
FNDA:0,render
FNDA:0,(anonymous_4)
FNDA:0,(anonymous_5)
DA:10,0
DA:16,0
DA:17,0
DA:21,0
DA:22,0
DA:24,0
DA:29,0
DA:33,0
DA:34,0
DA:35,0
DA:36,0
DA:37,0
DA:41,0
DA:42,0
DA:43,0
DA:47,0
DA:51,0
DA:55,0
DA:60,0
DA:61,0
DA:64,0
DA:93,0
DA:106,0
DA:107,0
LF:24
LH:0
BRDA:16,0,0,0
BRDA:16,0,1,0
BRDA:16,1,0,0
BRDA:16,1,1,0
BRDA:21,2,0,0
BRDA:21,2,1,0
BRDA:61,3,0,0
BRDA:61,3,1,0
BRDA:61,4,0,0
BRDA:61,4,1,0
BRDA:70,5,0,0
BRDA:70,5,1,0
BRDA:79,6,0,0
BRDA:79,6,1,0
BRDA:84,7,0,0
BRDA:84,7,1,0
BRDA:86,8,0,0
BRDA:86,8,1,0
BRDA:87,9,0,0
BRDA:87,9,1,0
BRF:20
BRH:0
end_of_record
TN:
SF:pkg/traefik/formatters/MiddlewareTypes.vue
FN:14,(anonymous_0)
FN:23,(anonymous_1)
FN:29,(anonymous_2)
FN:44,render
FNF:4
FNH:0
FNDA:0,(anonymous_0)
FNDA:0,(anonymous_1)
FNDA:0,(anonymous_2)
FNDA:0,render
DA:15,0
DA:16,0
DA:17,0
DA:21,0
DA:24,0
DA:25,0
DA:27,0
DA:30,0
DA:34,0
DA:35,0
DA:36,0
DA:37,0
DA:38,0
DA:39,0
DA:43,0
DA:45,0
DA:51,0
DA:52,0
LF:18
LH:0
BRDA:16,0,0,0
BRDA:16,0,1,0
BRDA:24,1,0,0
BRDA:24,1,1,0
BRDA:46,2,0,0
BRDA:46,2,1,0
BRF:6
BRH:0
end_of_record
TN:
SF:pkg/traefik/formatters/MiddlewaresList.vue
FN:10,(anonymous_0)
FN:14,(anonymous_1)
FN:17,(anonymous_2)
FN:22,(anonymous_3)
FN:27,(anonymous_4)
FN:27,(anonymous_5)
FN:36,(anonymous_6)
FN:57,render
FN:61,(anonymous_8)
FN:72,(anonymous_9)
FNF:10
FNH:0
FNDA:0,(anonymous_0)
FNDA:0,(anonymous_1)
FNDA:0,(anonymous_2)
FNDA:0,(anonymous_3)
FNDA:0,(anonymous_4)
FNDA:0,(anonymous_5)
FNDA:0,(anonymous_6)
FNDA:0,render
FNDA:0,(anonymous_8)
FNDA:0,(anonymous_9)
DA:10,0
DA:16,0
DA:17,0
DA:21,0
DA:22,0
DA:26,0
DA:27,0
DA:32,0
DA:37,0
DA:41,0
DA:42,0
DA:43,0
DA:44,0
DA:45,0
DA:49,0
DA:53,0
DA:58,0
DA:59,0
DA:62,0
DA:72,0
DA:83,0
DA:84,0
LF:22
LH:0
BRDA:16,0,0,0
BRDA:16,0,1,0
BRDA:17,1,0,0
BRDA:17,1,1,0
BRDA:21,2,0,0
BRDA:21,2,1,0
BRDA:22,3,0,0
BRDA:22,3,1,0
BRDA:22,3,2,0
BRDA:26,4,0,0
BRDA:26,4,1,0
BRDA:27,5,0,0
BRDA:27,5,1,0
BRDA:59,6,0,0
BRDA:59,6,1,0
BRDA:59,7,0,0
BRDA:59,7,1,0
BRDA:66,8,0,0
BRDA:66,8,1,0
BRF:19
BRH:0
end_of_record
TN:
SF:pkg/traefik/formatters/RoutesList.vue
FN:10,(anonymous_0)
FN:15,(anonymous_1)
FN:18,(anonymous_2)
FN:22,(anonymous_3)
FN:34,(anonymous_4)
FN:65,(anonymous_5)
FN:84,(anonymous_6)
FN:93,(anonymous_7)
FN:101,(anonymous_8)
FN:133,render
FN:137,(anonymous_10)
FN:163,(anonymous_11)
FN:174,(anonymous_12)
FNF:13
FNH:0
FNDA:0,(anonymous_0)
FNDA:0,(anonymous_1)
FNDA:0,(anonymous_2)
FNDA:0,(anonymous_3)
FNDA:0,(anonymous_4)
FNDA:0,(anonymous_5)
FNDA:0,(anonymous_6)
FNDA:0,(anonymous_7)
FNDA:0,(anonymous_8)
FNDA:0,render
FNDA:0,(anonymous_10)
FNDA:0,(anonymous_11)
FNDA:0,(anonymous_12)
DA:10,0
DA:16,0
DA:20,0
DA:21,0
DA:22,0
DA:23,0
DA:24,0
DA:31,0
DA:34,0
DA:35,0
DA:36,0
DA:37,0
DA:38,0
DA:41,0
DA:44,0
DA:47,0
DA:48,0
DA:49,0
DA:51,0
DA:56,0
DA:66,0
DA:69,0
DA:70,0
DA:71,0
DA:74,0
DA:75,0
DA:78,0
DA:79,0
DA:80,0
DA:81,0
DA:82,0
DA:85,0
DA:86,0
DA:87,0
DA:88,0
DA:91,0
DA:94,0
DA:95,0
DA:96,0
DA:98,0
DA:102,0
DA:106,0
DA:107,0
DA:108,0
DA:109,0
DA:110,0
DA:114,0
DA:115,0
DA:116,0
DA:120,0
DA:124,0
DA:125,0
DA:129,0
DA:134,0
DA:135,0
DA:138,0
DA:164,0
DA:174,0
DA:190,0
DA:191,0
LF:60
LH:0
BRDA:20,0,0,0
BRDA:20,0,1,0
BRDA:21,1,0,0
BRDA:21,1,1,0
BRDA:24,2,0,0
BRDA:24,2,1,0
BRDA:31,3,0,0
BRDA:31,3,1,0
BRDA:34,4,0,0
BRDA:34,4,1,0
BRDA:36,5,0,0
BRDA:36,5,1,0
BRDA:37,6,0,0
BRDA:37,6,1,0
BRDA:38,7,0,0
BRDA:38,7,1,0
BRDA:41,8,0,0
BRDA:41,8,1,0
BRDA:41,9,0,0
BRDA:41,9,1,0
BRDA:41,10,0,0
BRDA:41,10,1,0
BRDA:44,11,0,0
BRDA:44,11,1,0
BRDA:48,12,0,0
BRDA:48,12,1,0
BRDA:48,13,0,0
BRDA:48,13,1,0
BRDA:66,14,0,0
BRDA:66,14,1,0
BRDA:70,15,0,0
BRDA:70,15,1,0
BRDA:75,16,0,0
BRDA:75,16,1,0
BRDA:80,17,0,0
BRDA:80,17,1,0
BRDA:80,18,0,0
BRDA:80,18,1,0
BRDA:82,19,0,0
BRDA:82,19,1,0
BRDA:85,20,0,0
BRDA:85,20,1,0
BRDA:86,21,0,0
BRDA:86,21,1,0
BRDA:88,22,0,0
BRDA:88,22,1,0
BRDA:135,23,0,0
BRDA:135,23,1,0
BRDA:135,24,0,0
BRDA:135,24,1,0
BRDA:144,25,0,0
BRDA:144,25,1,0
BRDA:154,26,0,0
BRDA:154,26,1,0
BRDA:159,27,0,0
BRDA:159,27,1,0
BRDA:159,28,0,0
BRDA:159,28,1,0
BRDA:161,29,0,0
BRDA:161,29,1,0
BRDA:168,30,0,0
BRDA:168,30,1,0
BRF:62
BRH:0
end_of_record
TN:
SF:pkg/traefik/formatters/ServicesList.vue
FN:10,(anonymous_0)
FN:14,(anonymous_1)
FN:28,(anonymous_2)
FN:49,render
FN:53,(anonymous_4)
FN:64,(anonymous_5)
FNF:6
FNH:0
FNDA:0,(anonymous_0)
FNDA:0,(anonymous_1)
FNDA:0,(anonymous_2)
FNDA:0,render
FNDA:0,(anonymous_4)
FNDA:0,(anonymous_5)
DA:10,0
DA:16,0
DA:17,0
DA:21,0
DA:22,0
DA:24,0
DA:29,0
DA:33,0
DA:34,0
DA:35,0
DA:36,0
DA:37,0
DA:41,0
DA:45,0
DA:50,0
DA:51,0
DA:54,0
DA:64,0
DA:75,0
DA:76,0
LF:20
LH:0
BRDA:16,0,0,0
BRDA:16,0,1,0
BRDA:21,1,0,0
BRDA:21,1,1,0
BRDA:51,2,0,0
BRDA:51,2,1,0
BRDA:51,3,0,0
BRDA:51,3,1,0
BRDA:58,4,0,0
BRDA:58,4,1,0
BRF:10
BRH:0
end_of_record
TN:
SF:pkg/traefik/formatters/SimpleHost.vue
FN:10,(anonymous_0)
FN:14,(anonymous_1)
FN:17,(anonymous_2)
FN:38,render
FNF:4
FNH:0
FNDA:0,(anonymous_0)
FNDA:0,(anonymous_1)
FNDA:0,(anonymous_2)
FNDA:0,render
DA:10,0
DA:15,0
DA:19,0
DA:20,0
DA:21,0
DA:22,0
DA:23,0
DA:25,0
DA:29,0
DA:30,0
DA:31,0
DA:32,0
DA:33,0
DA:34,0
DA:39,0
DA:53,0
DA:54,0
LF:17
LH:0
BRDA:15,0,0,0
BRDA:15,0,1,0
BRDA:15,0,2,0
BRDA:19,1,0,0
BRDA:19,1,1,0
BRDA:19,2,0,0
BRDA:19,2,1,0
BRDA:20,3,0,0
BRDA:20,3,1,0
BRDA:21,4,0,0
BRDA:21,4,1,0
BRDA:22,5,0,0
BRDA:22,5,1,0
BRDA:39,6,0,0
BRDA:39,6,1,0
BRDA:49,7,0,0
BRDA:49,7,1,0
BRDA:51,8,0,0
BRDA:51,8,1,0
BRF:19
BRH:0
end_of_record
TN:
SF:pkg/traefik/formatters/SimplePath.vue
FN:10,(anonymous_0)
FN:14,(anonymous_1)
FN:24,render
FNF:3
FNH:0
FNDA:0,(anonymous_0)
FNDA:0,(anonymous_1)
FNDA:0,render
DA:10,0
DA:15,0
DA:19,0
DA:20,0
DA:21,0
DA:22,0
DA:23,0
DA:25,0
DA:27,0
DA:28,0
LF:10
LH:0
BRDA:15,0,0,0
BRDA:15,0,1,0
BRDA:15,0,2,0
BRDA:25,1,0,0
BRDA:25,1,1,0
BRF:5
BRH:0
end_of_record
TN:
SF:pkg/traefik/formatters/TCPServicesList.vue
FN:10,(anonymous_0)
FN:13,(anonymous_1)
FN:15,(anonymous_2)
FN:30,(anonymous_3)
FN:58,render
FN:63,(anonymous_5)
FNF:6
FNH:0
FNDA:0,(anonymous_0)
FNDA:0,(anonymous_1)
FNDA:0,(anonymous_2)
FNDA:0,(anonymous_3)
FNDA:0,render
FNDA:0,(anonymous_5)
DA:11,0
DA:12,0
DA:13,0
DA:14,0
DA:15,0
DA:16,0
DA:17,0
DA:28,0
DA:31,0
DA:35,0
DA:36,0
DA:37,0
DA:38,0
DA:39,0
DA:40,0
DA:44,0
DA:48,0
DA:49,0
DA:50,0
DA:54,0
DA:59,0
DA:65,0
DA:85,0
DA:86,0
LF:24
LH:0
BRDA:12,0,0,0
BRDA:12,0,1,0
BRDA:12,1,0,0
BRDA:12,1,1,0
BRDA:14,2,0,0
BRDA:14,2,1,0
BRDA:14,3,0,0
BRDA:14,3,1,0
BRDA:16,4,0,0
BRDA:16,4,1,0
BRDA:20,5,0,0
BRDA:20,5,1,0
BRDA:60,6,0,0
BRDA:60,6,1,0
BRDA:71,7,0,0
BRDA:71,7,1,0
BRDA:74,8,0,0
BRDA:74,8,1,0
BRDA:74,9,0,0
BRDA:74,9,1,0
BRDA:74,10,0,0
BRDA:74,10,1,0
BRDA:76,11,0,0
BRDA:76,11,1,0
BRF:24
BRH:0
end_of_record
TN:
SF:pkg/traefik/list/traefik.io.ingressroute.vue
FN:27,(anonymous_0)
FN:46,(anonymous_1)
FN:55,render
FN:64,(anonymous_3)
FNF:4
FNH:0
FNDA:0,(anonymous_0)
FNDA:0,(anonymous_1)
FNDA:0,render
FNDA:0,(anonymous_3)
DA:28,0
DA:47,0
DA:51,0
DA:52,0
DA:53,0
DA:54,0
DA:56,0
DA:57,0
DA:58,0
DA:65,0
DA:66,0
DA:73,0
DA:74,0
LF:13
LH:0
BRDA:47,0,0,0
BRDA:47,0,1,0
BRF:2
BRH:0
end_of_record
TN:
SF:pkg/traefik/list/traefik.io.ingressroutetcp.vue
FN:27,(anonymous_0)
FN:46,(anonymous_1)
FN:55,render
FN:65,(anonymous_3)
FN:71,(anonymous_4)
FNF:5
FNH:0
FNDA:0,(anonymous_0)
FNDA:0,(anonymous_1)
FNDA:0,render
FNDA:0,(anonymous_3)
FNDA:0,(anonymous_4)
DA:28,0
DA:47,0
DA:51,0
DA:52,0
DA:53,0
DA:54,0
DA:56,0
DA:57,0
DA:58,0
DA:59,0
DA:66,0
DA:67,0
DA:72,0
DA:73,0
DA:80,0
DA:81,0
LF:16
LH:0
BRDA:47,0,0,0
BRDA:47,0,1,0
BRF:2
BRH:0
end_of_record
TN:
SF:pkg/traefik/list/traefik.io.middleware.vue
FN:25,(anonymous_0)
FN:33,(anonymous_1)
FN:42,render
FN:51,(anonymous_3)
FNF:4
FNH:0
FNDA:0,(anonymous_0)
FNDA:0,(anonymous_1)
FNDA:0,render
FNDA:0,(anonymous_3)
DA:26,0
DA:34,0
DA:38,0
DA:39,0
DA:40,0
DA:41,0
DA:43,0
DA:44,0
DA:45,0
DA:52,0
DA:53,0
DA:60,0
DA:61,0
LF:13
LH:0
BRDA:34,0,0,0
BRDA:34,0,1,0
BRF:2
BRH:0
end_of_record
TN:
SF:pkg/traefik/list/traefik.io.tlsoption.vue
FN:25,(anonymous_0)
FN:43,(anonymous_1)
FN:52,render
FN:61,(anonymous_3)
FN:68,(anonymous_4)
FN:75,(anonymous_5)
FNF:6
FNH:0
FNDA:0,(anonymous_0)
FNDA:0,(anonymous_1)
FNDA:0,render
FNDA:0,(anonymous_3)
FNDA:0,(anonymous_4)
FNDA:0,(anonymous_5)
DA:26,0
DA:44,0
DA:48,0
DA:49,0
DA:50,0
DA:51,0
DA:53,0
DA:54,0
DA:55,0
DA:63,0
DA:64,0
DA:70,0
DA:71,0
DA:77,0
DA:78,0
DA:87,0
DA:88,0
LF:17
LH:0
BRDA:44,0,0,0
BRDA:44,0,1,0
BRDA:65,1,0,0
BRDA:65,1,1,0
BRDA:65,2,0,0
BRDA:65,2,1,0
BRDA:65,3,0,0
BRDA:65,3,1,0
BRDA:72,4,0,0
BRDA:72,4,1,0
BRDA:72,5,0,0
BRDA:72,5,1,0
BRDA:72,6,0,0
BRDA:72,6,1,0
BRDA:80,7,0,0
BRDA:80,7,1,0
BRDA:80,8,0,0
BRDA:80,8,1,0
BRF:18
BRH:0
end_of_record
TN:
SF:pkg/traefik/models/traefik.io.ingressroute.js
FN:5,(anonymous_0)
FN:24,(anonymous_1)
FN:29,(anonymous_2)
FN:42,(anonymous_3)
FN:51,(anonymous_4)
FN:61,(anonymous_5)
FN:63,(anonymous_6)
FN:89,(anonymous_7)
FN:171,(anonymous_8)
FNF:9
FNH:0
FNDA:0,(anonymous_0)
FNDA:0,(anonymous_1)
FNDA:0,(anonymous_2)
FNDA:0,(anonymous_3)
FNDA:0,(anonymous_4)
FNDA:0,(anonymous_5)
FNDA:0,(anonymous_6)
FNDA:0,(anonymous_7)
FNDA:0,(anonymous_8)
DA:6,0
DA:9,0
DA:10,0
DA:11,0
DA:15,0
DA:16,0
DA:17,0
DA:18,0
DA:25,0
DA:30,0
DA:31,0
DA:34,0
DA:35,0
DA:38,0
DA:43,0
DA:44,0
DA:47,0
DA:48,0
DA:52,0
DA:53,0
DA:55,0
DA:56,0
DA:60,0
DA:61,0
DA:62,0
DA:63,0
DA:64,0
DA:66,0
DA:70,0
DA:74,0
DA:88,0
DA:89,0
DA:90,0
DA:91,0
DA:92,0
DA:93,0
DA:95,0
DA:111,0
DA:113,0
DA:114,0
DA:126,0
DA:127,0
DA:128,0
DA:140,0
DA:141,0
DA:142,0
DA:154,0
DA:155,0
DA:168,0
DA:169,0
DA:171,0
DA:172,0
DA:173,0
DA:174,0
DA:175,0
DA:179,0
LF:56
LH:0
BRDA:5,0,0,0
BRDA:5,1,0,0
BRDA:9,2,0,0
BRDA:9,2,1,0
BRDA:10,3,0,0
BRDA:10,3,1,0
BRDA:15,4,0,0
BRDA:15,4,1,0
BRDA:17,5,0,0
BRDA:17,5,1,0
BRDA:25,6,0,0
BRDA:25,6,1,0
BRDA:30,7,0,0
BRDA:30,7,1,0
BRDA:34,8,0,0
BRDA:34,8,1,0
BRDA:34,9,0,0
BRDA:34,9,1,0
BRDA:43,10,0,0
BRDA:43,10,1,0
BRDA:55,11,0,0
BRDA:55,11,1,0
BRDA:55,12,0,0
BRDA:55,12,1,0
BRDA:60,13,0,0
BRDA:60,13,1,0
BRDA:60,14,0,0
BRDA:60,14,1,0
BRDA:62,15,0,0
BRDA:62,15,1,0
BRDA:62,16,0,0
BRDA:62,16,1,0
BRDA:64,17,0,0
BRDA:64,17,1,0
BRDA:66,18,0,0
BRDA:66,18,1,0
BRDA:70,19,0,0
BRDA:70,19,1,0
BRDA:88,20,0,0
BRDA:88,20,1,0
BRDA:88,21,0,0
BRDA:88,21,1,0
BRDA:90,22,0,0
BRDA:90,22,1,0
BRDA:90,23,0,0
BRDA:90,23,1,0
BRDA:92,24,0,0
BRDA:92,24,1,0
BRDA:111,25,0,0
BRDA:111,25,1,0
BRDA:113,26,0,0
BRDA:113,26,1,0
BRDA:126,27,0,0
BRDA:126,27,1,0
BRDA:126,28,0,0
BRDA:126,28,1,0
BRDA:127,29,0,0
BRDA:127,29,1,0
BRDA:140,30,0,0
BRDA:140,30,1,0
BRDA:140,31,0,0
BRDA:140,31,1,0
BRDA:141,32,0,0
BRDA:141,32,1,0
BRDA:154,33,0,0
BRDA:154,33,1,0
BRDA:173,34,0,0
BRDA:173,34,1,0
BRF:68
BRH:0
end_of_record
TN:
SF:pkg/traefik/models/traefik.io.ingressroutetcp.js
FN:5,(anonymous_0)
FN:24,(anonymous_1)
FN:29,(anonymous_2)
FN:42,(anonymous_3)
FN:51,(anonymous_4)
FN:61,(anonymous_5)
FN:63,(anonymous_6)
FN:85,(anonymous_7)
FN:165,(anonymous_8)
FN:177,(anonymous_9)
FN:182,(anonymous_10)
FN:186,(anonymous_11)
FN:188,(anonymous_12)
FN:206,(anonymous_13)
FN:211,(anonymous_14)
FNF:15
FNH:0
FNDA:0,(anonymous_0)
FNDA:0,(anonymous_1)
FNDA:0,(anonymous_2)
FNDA:0,(anonymous_3)
FNDA:0,(anonymous_4)
FNDA:0,(anonymous_5)
FNDA:0,(anonymous_6)
FNDA:0,(anonymous_7)
FNDA:0,(anonymous_8)
FNDA:0,(anonymous_9)
FNDA:0,(anonymous_10)
FNDA:0,(anonymous_11)
FNDA:0,(anonymous_12)
FNDA:0,(anonymous_13)
FNDA:0,(anonymous_14)
DA:6,0
DA:9,0
DA:10,0
DA:11,0
DA:15,0
DA:16,0
DA:17,0
DA:18,0
DA:25,0
DA:30,0
DA:31,0
DA:34,0
DA:35,0
DA:38,0
DA:43,0
DA:44,0
DA:47,0
DA:48,0
DA:52,0
DA:53,0
DA:55,0
DA:56,0
DA:60,0
DA:61,0
DA:62,0
DA:63,0
DA:64,0
DA:66,0
DA:70,0
DA:84,0
DA:85,0
DA:86,0
DA:88,0
DA:89,0
DA:105,0
DA:107,0
DA:108,0
DA:120,0
DA:121,0
DA:122,0
DA:134,0
DA:135,0
DA:136,0
DA:148,0
DA:149,0
DA:162,0
DA:163,0
DA:165,0
DA:166,0
DA:167,0
DA:168,0
DA:169,0
DA:173,0
DA:178,0
DA:183,0
DA:185,0
DA:186,0
DA:187,0
DA:188,0
DA:189,0
DA:190,0
DA:202,0
DA:207,0
DA:212,0
LF:64
LH:0
BRDA:5,0,0,0
BRDA:5,1,0,0
BRDA:9,2,0,0
BRDA:9,2,1,0
BRDA:10,3,0,0
BRDA:10,3,1,0
BRDA:15,4,0,0
BRDA:15,4,1,0
BRDA:17,5,0,0
BRDA:17,5,1,0
BRDA:25,6,0,0
BRDA:25,6,1,0
BRDA:30,7,0,0
BRDA:30,7,1,0
BRDA:34,8,0,0
BRDA:34,8,1,0
BRDA:34,9,0,0
BRDA:34,9,1,0
BRDA:43,10,0,0
BRDA:43,10,1,0
BRDA:55,11,0,0
BRDA:55,11,1,0
BRDA:55,12,0,0
BRDA:55,12,1,0
BRDA:60,13,0,0
BRDA:60,13,1,0
BRDA:60,14,0,0
BRDA:60,14,1,0
BRDA:62,15,0,0
BRDA:62,15,1,0
BRDA:62,16,0,0
BRDA:62,16,1,0
BRDA:64,17,0,0
BRDA:64,17,1,0
BRDA:66,18,0,0
BRDA:66,18,1,0
BRDA:84,19,0,0
BRDA:84,19,1,0
BRDA:84,20,0,0
BRDA:84,20,1,0
BRDA:86,21,0,0
BRDA:86,21,1,0
BRDA:88,22,0,0
BRDA:88,22,1,0
BRDA:105,23,0,0
BRDA:105,23,1,0
BRDA:107,24,0,0
BRDA:107,24,1,0
BRDA:120,25,0,0
BRDA:120,25,1,0
BRDA:120,26,0,0
BRDA:120,26,1,0
BRDA:121,27,0,0
BRDA:121,27,1,0
BRDA:134,28,0,0
BRDA:134,28,1,0
BRDA:134,29,0,0
BRDA:134,29,1,0
BRDA:135,30,0,0
BRDA:135,30,1,0
BRDA:148,31,0,0
BRDA:148,31,1,0
BRDA:167,32,0,0
BRDA:167,32,1,0
BRDA:178,33,0,0
BRDA:178,33,1,0
BRDA:185,34,0,0
BRDA:185,34,1,0
BRDA:185,35,0,0
BRDA:185,35,1,0
BRDA:187,36,0,0
BRDA:187,36,1,0
BRDA:187,37,0,0
BRDA:187,37,1,0
BRDA:189,38,0,0
BRDA:189,38,1,0
BRDA:193,39,0,0
BRDA:193,39,1,0
BRDA:212,40,0,0
BRDA:212,40,1,0
BRF:80
BRH:0
end_of_record
TN:
SF:pkg/traefik/models/traefik.io.middleware.js
FN:6,(anonymous_0)
FN:14,(anonymous_1)
FN:18,(anonymous_2)
FN:23,(anonymous_3)
FN:28,(anonymous_4)
FNF:5
FNH:0
FNDA:0,(anonymous_0)
FNDA:0,(anonymous_1)
FNDA:0,(anonymous_2)
FNDA:0,(anonymous_3)
FNDA:0,(anonymous_4)
DA:7,0
DA:8,0
DA:11,0
DA:15,0
DA:19,0
DA:24,0
DA:29,0
LF:7
LH:0
BRDA:7,0,0,0
BRDA:7,0,1,0
BRDA:15,1,0,0
BRDA:15,1,1,0
BRDA:24,2,0,0
BRDA:24,2,1,0
BRF:6
BRH:0
end_of_record
TN:
SF:pkg/traefik/models/traefik.io.tlsoption.js
FN:6,(anonymous_0)
FN:15,(anonymous_1)
FN:19,(anonymous_2)
FN:23,(anonymous_3)
FN:27,(anonymous_4)
FN:32,(anonymous_5)
FN:62,(anonymous_6)
FN:66,(anonymous_7)
FN:70,(anonymous_8)
FN:74,(anonymous_9)
FN:79,(anonymous_10)
FN:87,(anonymous_11)
FN:91,(anonymous_12)
FN:96,(anonymous_13)
FN:100,(anonymous_14)
FN:105,(anonymous_15)
FN:114,(anonymous_16)
FN:118,(anonymous_17)
FN:123,(anonymous_18)
FN:127,(anonymous_19)
FN:131,(anonymous_20)
FN:135,(anonymous_21)
FN:140,(anonymous_22)
FN:152,(anonymous_23)
FN:174,(anonymous_24)
FN:192,(anonymous_25)
FN:207,(anonymous_26)
FNF:27
FNH:0
FNDA:0,(anonymous_0)
FNDA:0,(anonymous_1)
FNDA:0,(anonymous_2)
FNDA:0,(anonymous_3)
FNDA:0,(anonymous_4)
FNDA:0,(anonymous_5)
FNDA:0,(anonymous_6)
FNDA:0,(anonymous_7)
FNDA:0,(anonymous_8)
FNDA:0,(anonymous_9)
FNDA:0,(anonymous_10)
FNDA:0,(anonymous_11)
FNDA:0,(anonymous_12)
FNDA:0,(anonymous_13)
FNDA:0,(anonymous_14)
FNDA:0,(anonymous_15)
FNDA:0,(anonymous_16)
FNDA:0,(anonymous_17)
FNDA:0,(anonymous_18)
FNDA:0,(anonymous_19)
FNDA:0,(anonymous_20)
FNDA:0,(anonymous_21)
FNDA:0,(anonymous_22)
FNDA:0,(anonymous_23)
FNDA:0,(anonymous_24)
FNDA:0,(anonymous_25)
FNDA:0,(anonymous_26)
DA:7,0
DA:16,0
DA:20,0
DA:24,0
DA:28,0
DA:33,0
DA:63,0
DA:67,0
DA:71,0
DA:75,0
DA:80,0
DA:88,0
DA:92,0
DA:97,0
DA:101,0
DA:106,0
DA:115,0
DA:119,0
DA:124,0
DA:128,0
DA:132,0
DA:136,0
DA:141,0
DA:142,0
DA:145,0
DA:146,0
DA:148,0
DA:153,0
DA:154,0
DA:157,0
DA:158,0
DA:161,0
DA:162,0
DA:165,0
DA:166,0
DA:169,0
DA:175,0
DA:176,0
DA:177,0
DA:179,0
DA:180,0
DA:181,0
DA:182,0
DA:184,0
DA:185,0
DA:189,0
DA:193,0
DA:194,0
DA:195,0
DA:198,0
DA:199,0
DA:200,0
DA:204,0
DA:208,0
DA:210,0
DA:211,0
DA:213,0
LF:57
LH:0
BRDA:16,0,0,0
BRDA:16,0,1,0
BRDA:24,1,0,0
BRDA:24,1,1,0
BRDA:63,2,0,0
BRDA:63,2,1,0
BRDA:71,3,0,0
BRDA:71,3,1,0
BRDA:88,4,0,0
BRDA:88,4,1,0
BRDA:97,5,0,0
BRDA:97,5,1,0
BRDA:115,6,0,0
BRDA:115,6,1,0
BRDA:124,7,0,0
BRDA:124,7,1,0
BRDA:132,8,0,0
BRDA:132,8,1,0
BRDA:141,9,0,0
BRDA:141,9,1,0
BRDA:145,10,0,0
BRDA:145,10,1,0
BRDA:145,11,0,0
BRDA:145,11,1,0
BRDA:145,11,2,0
BRDA:153,12,0,0
BRDA:153,12,1,0
BRDA:157,13,0,0
BRDA:157,13,1,0
BRDA:161,14,0,0
BRDA:161,14,1,0
BRDA:161,15,0,0
BRDA:161,15,1,0
BRDA:161,15,2,0
BRDA:161,15,3,0
BRDA:161,15,4,0
BRDA:165,16,0,0
BRDA:165,16,1,0
BRDA:179,17,0,0
BRDA:179,17,1,0
BRDA:179,18,0,0
BRDA:179,18,1,0
BRDA:184,19,0,0
BRDA:184,19,1,0
BRDA:198,20,0,0
BRDA:198,20,1,0
BRDA:199,21,0,0
BRDA:199,21,1,0
BRDA:199,22,0,0
BRDA:199,22,1,0
BRF:50
BRH:0
end_of_record
TN:
SF:pkg/traefik/pages/create.vue
FN:12,render
FNF:1
FNH:0
FNDA:0,render
DA:8,0
DA:9,0
DA:10,0
DA:11,0
DA:13,0
DA:14,0
DA:16,0
DA:17,0
LF:8
LH:0
BRF:0
BRH:0
end_of_record
TN:
SF:pkg/traefik/pages/detail-namespaced.vue
FN:12,render
FNF:1
FNH:0
FNDA:0,render
DA:8,0
DA:9,0
DA:10,0
DA:11,0
DA:13,0
DA:14,0
DA:16,0
DA:17,0
LF:8
LH:0
BRF:0
BRH:0
end_of_record
TN:
SF:pkg/traefik/pages/detail.vue
FN:12,render
FNF:1
FNH:0
FNDA:0,render
DA:8,0
DA:9,0
DA:10,0
DA:11,0
DA:13,0
DA:14,0
DA:16,0
DA:17,0
LF:8
LH:0
BRF:0
BRH:0
end_of_record
TN:
SF:pkg/traefik/pages/list.vue
FN:12,render
FNF:1
FNH:0
FNDA:0,render
DA:8,0
DA:9,0
DA:10,0
DA:11,0
DA:13,0
DA:14,0
DA:16,0
DA:17,0
LF:8
LH:0
BRF:0
BRH:0
end_of_record
TN:
SF:pkg/traefik/routing/traefik-routes.ts
FN:2,(anonymous_0)
FN:17,(anonymous_1)
FNF:2
FNH:0
FNDA:0,(anonymous_0)
FNDA:0,(anonymous_1)
DA:2,0
DA:3,0
DA:5,0
DA:6,0
DA:8,0
DA:9,0
DA:10,0
DA:11,0
DA:12,0
DA:17,0
DA:67,0
LF:11
LH:0
BRDA:2,0,0,0
BRDA:2,0,1,0
BRDA:2,0,2,0
BRDA:3,1,0,0
BRDA:3,1,1,0
BRDA:3,2,0,0
BRDA:3,2,1,0
BRF:7
BRH:0
end_of_record
